<?xml version="1.0" encoding="utf-8"?><testsuites name="pytest tests"><testsuite name="pytest" errors="6" failures="0" skipped="0" tests="85" time="102.599" timestamp="2026-05-14T18:34:45.374571+05:30" hostname="DESKTOP-R5T4C4P"><testcase classname="tests.test_posts.TestGetPosts" name="test_get_all_posts_returns_200" time="2.345" /><testcase classname="tests.test_posts.TestGetPosts" name="test_get_all_posts_response_time" time="1.261" /><testcase classname="tests.test_posts.TestGetPosts" name="test_get_post_by_valid_id_returns_200" time="1.121" /><testcase classname="tests.test_posts.TestGetPosts" name="test_get_post_by_valid_ids_parametrized[1]" time="1.010" /><testcase classname="tests.test_posts.TestGetPosts" name="test_get_post_by_valid_ids_parametrized[10]" time="1.011" /><testcase classname="tests.test_posts.TestGetPosts" name="test_get_post_by_valid_ids_parametrized[50]" time="1.385" /><testcase classname="tests.test_posts.TestGetPosts" name="test_get_post_by_valid_ids_parametrized[100]" time="1.534" /><testcase classname="tests.test_posts.TestGetPosts" name="test_get_post_by_invalid_id[0]" time="1.595" /><testcase classname="tests.test_posts.TestGetPosts" name="test_get_post_by_invalid_id[-1]" time="1.320" /><testcase classname="tests.test_posts.TestGetPosts" name="test_get_post_by_invalid_id[99999]" time="1.085" /><testcase classname="tests.test_posts.TestGetPosts" name="test_get_post_by_invalid_id[abc]" time="1.101" /><testcase classname="tests.test_posts.TestPostsPagination" name="test_get_posts_pagination" time="1.532" /><testcase classname="tests.test_posts.TestPostsPagination" name="test_pagination_total_count_header" time="1.109" /><testcase classname="tests.test_posts.TestPostsPagination" name="test_pagination_out_of_range" time="1.108" /><testcase classname="tests.test_posts.TestConcurrentRequests" name="test_parallel_get_requests" time="0.004"><error message="failed on setup with &quot;TypeError: 'NoneType' object does not support item assignment&quot;">item = &lt;Coroutine test_parallel_get_requests&gt;

    def pytest_runtest_setup(item):
        if "performance" in item.keywords:
&gt;           performance_start_time[item.nodeid] = time.perf_counter()
            ^^^^^^^^^^^^^^^^^^^^^^^^^^^^^^^^^^^
E           TypeError: 'NoneType' object does not support item assignment

tests\conftest.py:44: TypeError</error><error message="failed on teardown with &quot;AttributeError: 'NoneType' object has no attribute 'get'&quot;">item = &lt;Coroutine test_parallel_get_requests&gt;

    def pytest_runtest_teardown(item):
        global performance_total_time
    
        if "performance" in item.keywords:
&gt;           start = performance_start_time.get(item.nodeid)
                    ^^^^^^^^^^^^^^^^^^^^^^^^^^
E           AttributeError: 'NoneType' object has no attribute 'get'

tests\conftest.py:51: AttributeError</error></testcase><testcase classname="tests.test_posts.TestCreatePost" name="test_create_post_with_valid_payload_returns_201" time="2.004" /><testcase classname="tests.test_posts.TestCreatePost" name="test_create_post_with_different_users[1]" time="1.905" /><testcase classname="tests.test_posts.TestCreatePost" name="test_create_post_with_different_users[5]" time="1.250" /><testcase classname="tests.test_posts.TestCreatePost" name="test_create_post_with_different_users[10]" time="1.234" /><testcase classname="tests.test_posts.TestCreatePost" name="test_create_post_with_empty_body" time="1.257" /><testcase classname="tests.test_posts.TestCreatePost" name="test_create_post_with_missing_fields[payload0]" time="1.127" /><testcase classname="tests.test_posts.TestCreatePost" name="test_create_post_with_missing_fields[payload1]" time="1.242" /><testcase classname="tests.test_posts.TestCreatePost" name="test_create_post_with_missing_fields[payload2]" time="1.332" /><testcase classname="tests.test_posts.TestCreatePost" name="test_create_post_with_empty_title_returns_400" time="1.223" /><testcase classname="tests.test_posts.TestCreatePost" name="test_create_post_with_empty_body_returns_400" time="1.196" /><testcase classname="tests.test_posts.TestCreatePost" name="test_create_post_with_invalid_payloads_fixture" time="2.157" /><testcase classname="tests.test_posts.TestCreatePost" name="test_create_post_with_invalid_user_id_returns_400" time="1.234" /><testcase classname="tests.test_posts.TestUpdatePost" name="test_put_full_update_post_returns_200" time="1.748" /><testcase classname="tests.test_posts.TestUpdatePost" name="test_put_update_multiple_posts[1]" time="1.263" /><testcase classname="tests.test_posts.TestUpdatePost" name="test_put_update_multiple_posts[10]" time="2.012" /><testcase classname="tests.test_posts.TestUpdatePost" name="test_put_update_multiple_posts[50]" time="1.772" /><testcase classname="tests.test_posts.TestUpdatePost" name="test_patch_partial_update_post_returns_200" time="1.306" /><testcase classname="tests.test_posts.TestUpdatePost" name="test_patch_update_nonexistent_post" time="1.205" /><testcase classname="tests.test_posts.TestUpdatePost" name="test_put_update_with_invalid_id_returns_400_or_404" time="1.839" /><testcase classname="tests.test_posts.TestUpdatePost" name="test_put_update_with_empty_title_returns_400" time="1.222" /><testcase classname="tests.test_posts.TestUpdatePost" name="test_put_update_with_empty_body_returns_400" time="1.279" /><testcase classname="tests.test_posts.TestUpdatePost" name="test_put_update_with_invalid_payloads_returns_400[invalid_payload0]" time="1.293" /><testcase classname="tests.test_posts.TestUpdatePost" name="test_put_update_with_invalid_payloads_returns_400[invalid_payload1]" time="1.314" /><testcase classname="tests.test_posts.TestUpdatePost" name="test_put_update_with_invalid_payloads_returns_400[invalid_payload2]" time="1.241" /><testcase classname="tests.test_posts.TestDeletePost" name="test_delete_post_returns_200_or_204" time="1.261" /><testcase classname="tests.test_posts.TestDeletePost" name="test_delete_post_returns_204_status" time="1.366" /><testcase classname="tests.test_posts.TestDeletePost" name="test_delete_multiple_posts[1]" time="1.261" /><testcase classname="tests.test_posts.TestDeletePost" name="test_delete_multiple_posts[10]" time="1.301" /><testcase classname="tests.test_posts.TestDeletePost" name="test_delete_multiple_posts[50]" time="1.311" /><testcase classname="tests.test_posts.TestDeletePost" name="test_delete_nonexistent_post" time="2.069" /><testcase classname="tests.test_posts.TestChainedRequests" name="test_create_retrieve_delete_post_workflow" time="1.634" /><testcase classname="tests.test_posts.TestChainedRequests" name="test_create_update_retrieve_delete_workflow" time="2.379" /><testcase classname="tests.test_posts.TestPerformance" name="test_get_all_posts_performance" time="0.001"><error message="failed on setup with &quot;TypeError: 'NoneType' object does not support item assignment&quot;">item = &lt;Coroutine test_get_all_posts_performance&gt;

    def pytest_runtest_setup(item):
        if "performance" in item.keywords:
&gt;           performance_start_time[item.nodeid] = time.perf_counter()
            ^^^^^^^^^^^^^^^^^^^^^^^^^^^^^^^^^^^
E           TypeError: 'NoneType' object does not support item assignment

tests\conftest.py:44: TypeError</error><error message="failed on teardown with &quot;AttributeError: 'NoneType' object has no attribute 'get'&quot;">item = &lt;Coroutine test_get_all_posts_performance&gt;

    def pytest_runtest_teardown(item):
        global performance_total_time
    
        if "performance" in item.keywords:
&gt;           start = performance_start_time.get(item.nodeid)
                    ^^^^^^^^^^^^^^^^^^^^^^^^^^
E           AttributeError: 'NoneType' object has no attribute 'get'

tests\conftest.py:51: AttributeError</error></testcase><testcase classname="tests.test_posts.TestPerformance" name="test_get_post_by_id_performance" time="0.001"><error message="failed on setup with &quot;TypeError: 'NoneType' object does not support item assignment&quot;">item = &lt;Coroutine test_get_post_by_id_performance&gt;

    def pytest_runtest_setup(item):
        if "performance" in item.keywords:
&gt;           performance_start_time[item.nodeid] = time.perf_counter()
            ^^^^^^^^^^^^^^^^^^^^^^^^^^^^^^^^^^^
E           TypeError: 'NoneType' object does not support item assignment

tests\conftest.py:44: TypeError</error><error message="failed on teardown with &quot;AttributeError: 'NoneType' object has no attribute 'get'&quot;">item = &lt;Coroutine test_get_post_by_id_performance&gt;

    def pytest_runtest_teardown(item):
        global performance_total_time
    
        if "performance" in item.keywords:
&gt;           start = performance_start_time.get(item.nodeid)
                    ^^^^^^^^^^^^^^^^^^^^^^^^^^
E           AttributeError: 'NoneType' object has no attribute 'get'

tests\conftest.py:51: AttributeError</error></testcase><testcase classname="tests.test_posts.TestResponseHeaders" name="test_get_posts_has_content_type_header" time="1.204" /><testcase classname="tests.test_posts.TestResponseHeaders" name="test_get_post_by_id_has_content_type_header" time="0.984" /><testcase classname="tests.test_posts.TestResponseHeaders" name="test_post_create_has_content_type_header" time="1.263" /><testcase classname="tests.test_posts.TestResponseHeaders" name="test_put_update_has_content_type_header" time="1.206" /><testcase classname="tests.test_posts.TestResponseHeaders" name="test_patch_update_has_content_type_header" time="1.333" /><testcase classname="tests.test_posts.TestResponseHeaders" name="test_delete_post_response_headers" time="1.332" /><testcase classname="tests.test_security.TestSecurity" name="test_sql_injection_payload_does_not_leak_server_errors" time="1.268" /><testcase classname="tests.test_security.TestSecurity" name="test_xss_payload_does_not_leak_server_errors" time="1.309" /><testcase classname="tests.test_security.TestSecurity" name="test_cors_header_present_on_get" time="0.995" /><testcase classname="tests.test_security.TestSecurity" name="test_no_x_powered_by_header_exposed" time="1.042" /><testcase classname="tests.test_users.TestUserPosts" name="test_get_user_posts_returns_200" time="0.998" /><testcase classname="tests.test_users.TestUserPosts" name="test_get_user_posts_multiple_users[1]" time="1.045" /><testcase classname="tests.test_users.TestUserPosts" name="test_get_user_posts_multiple_users[2]" time="1.112" /><testcase classname="tests.test_users.TestUserPosts" name="test_get_user_posts_multiple_users[5]" time="0.974" /><testcase classname="tests.test_users.TestUserPosts" name="test_get_user_posts_multiple_users[10]" time="1.077" /><testcase classname="tests.test_users.TestUserPosts" name="test_get_user_posts_invalid_user" time="0.994" /><testcase classname="tests.test_users.TestUserPosts" name="test_get_user_posts_with_invalid_ids[0]" time="1.021" /><testcase classname="tests.test_users.TestUserPosts" name="test_get_user_posts_with_invalid_ids[-1]" time="1.036" /><testcase classname="tests.test_users.TestUserPosts" name="test_get_user_posts_with_invalid_ids[abc]" time="1.079" /><testcase classname="tests.test_users.TestUserPosts" name="test_user_posts_contain_required_fields" time="1.134" /><testcase classname="tests.test_users.TestUserPostsNegative" name="test_get_user_posts_with_special_characters" time="1.023" /><testcase classname="tests.test_users.TestUserPostsNegative" name="test_get_user_posts_with_float_id" time="0.963" /><testcase classname="tests.test_users.TestUserPostsNegative" name="test_get_user_posts_boundary_values" time="1.096" /><testcase classname="tests.test_users.TestGetUserById" name="test_get_user_by_id_returns_200" time="1.050" /><testcase classname="tests.test_users.TestGetUserById" name="test_get_user_by_id_validates_schema" time="0.962" /><testcase classname="tests.test_users.TestGetUserById" name="test_get_user_by_id_multiple_users[1]" time="0.977" /><testcase classname="tests.test_users.TestGetUserById" name="test_get_user_by_id_multiple_users[5]" time="1.077" /><testcase classname="tests.test_users.TestGetUserById" name="test_get_user_by_id_multiple_users[10]" time="1.044" /><testcase classname="tests.test_users.TestGetUserById" name="test_get_user_by_invalid_id_returns_404" time="1.026" /><testcase classname="tests.test_users.TestGetUserById" name="test_get_user_by_id_invalid_formats[0]" time="1.010" /><testcase classname="tests.test_users.TestGetUserById" name="test_get_user_by_id_invalid_formats[-1]" time="0.982" /><testcase classname="tests.test_users.TestGetUserById" name="test_get_user_by_id_invalid_formats[abc]" time="0.947" /><testcase classname="tests.test_users.TestGetUserById" name="test_get_user_by_id_contains_required_fields" time="0.949" /></testsuite></testsuites>