<?xml version="1.0" encoding="utf-8"?><testsuites name="pytest tests"><testsuite name="pytest" errors="82" failures="0" skipped="0" tests="82" time="0.525" timestamp="2026-05-14T16:59:25.840074+05:30" hostname="DESKTOP-R5T4C4P"><testcase classname="tests.test_posts.TestGetPosts" name="test_get_all_posts_returns_200" time="0.001"><error message="failed on setup with &quot;file C:\Users\PERSONAL\Desktop\PlaywrightAutomation\sdet-playwright-submissions\sdet-playwright-submission\tests\test_posts.py, line 28&#10;      @pytest.mark.smoke&#10;      @pytest.mark.critical&#10;      async def test_get_all_posts_returns_200(self, posts_api):&#10;          start_time = time.perf_counter()&#10;&#10;          response = await posts_api.get_all_posts()&#10;&#10;          end_time = time.perf_counter()&#10;          elapsed_ms = (end_time - start_time) * 1000&#10;&#10;          assert_status_code(response, 200)&#10;          assert_content_type(response)&#10;&#10;          data = await posts_api.get_json(response)&#10;          assert_list_not_empty(data)&#10;          validate_schema(data, POSTS_LIST_SCHEMA)&#10;&#10;          assert_response_time(elapsed_ms, 500)&#10;E       fixture 'posts_api' not found&#10;&gt;       available fixtures: _artifacts_recorder, _class_scoped_runner, _function_scoped_runner, _module_scoped_runner, _package_scoped_runner, _pw_artifacts_folder, _session_scoped_runner, _verify_url, base_url, browser, browser_channel, browser_context_args, browser_name, browser_type, browser_type_launch_args, cache, capfd, capfdbinary, caplog, capsys, capsysbinary, capteesys, connect_options, context, delete_output_dir, device, doctest_namespace, event_loop_policy, extra, extras, include_metadata_in_junit_xml, is_chromium, is_firefox, is_webkit, launch_browser, metadata, monkeypatch, new_context, output_path, page, playwright, pytestconfig, record_property, record_testsuite_property, record_xml_attribute, recwarn, subtests, tmp_path, tmp_path_factory, tmpdir, tmpdir_factory, unused_tcp_port, unused_tcp_port_factory, unused_udp_port, unused_udp_port_factory&#10;&gt;       use 'pytest --fixtures [testpath]' for help on them.&#10;&#10;C:\Users\PERSONAL\Desktop\PlaywrightAutomation\sdet-playwright-submissions\sdet-playwright-submission\tests\test_posts.py:28&quot;">file C:\Users\PERSONAL\Desktop\PlaywrightAutomation\sdet-playwright-submissions\sdet-playwright-submission\tests\test_posts.py, line 28
      @pytest.mark.smoke
      @pytest.mark.critical
      async def test_get_all_posts_returns_200(self, posts_api):
          start_time = time.perf_counter()

          response = await posts_api.get_all_posts()

          end_time = time.perf_counter()
          elapsed_ms = (end_time - start_time) * 1000

          assert_status_code(response, 200)
          assert_content_type(response)

          data = await posts_api.get_json(response)
          assert_list_not_empty(data)
          validate_schema(data, POSTS_LIST_SCHEMA)

          assert_response_time(elapsed_ms, 500)
E       fixture 'posts_api' not found
&gt;       available fixtures: _artifacts_recorder, _class_scoped_runner, _function_scoped_runner, _module_scoped_runner, _package_scoped_runner, _pw_artifacts_folder, _session_scoped_runner, _verify_url, base_url, browser, browser_channel, browser_context_args, browser_name, browser_type, browser_type_launch_args, cache, capfd, capfdbinary, caplog, capsys, capsysbinary, capteesys, connect_options, context, delete_output_dir, device, doctest_namespace, event_loop_policy, extra, extras, include_metadata_in_junit_xml, is_chromium, is_firefox, is_webkit, launch_browser, metadata, monkeypatch, new_context, output_path, page, playwright, pytestconfig, record_property, record_testsuite_property, record_xml_attribute, recwarn, subtests, tmp_path, tmp_path_factory, tmpdir, tmpdir_factory, unused_tcp_port, unused_tcp_port_factory, unused_udp_port, unused_udp_port_factory
&gt;       use 'pytest --fixtures [testpath]' for help on them.

C:\Users\PERSONAL\Desktop\PlaywrightAutomation\sdet-playwright-submissions\sdet-playwright-submission\tests\test_posts.py:28</error></testcase><testcase classname="tests.test_posts.TestGetPosts" name="test_get_all_posts_response_time" time="0.001"><error message="failed on setup with &quot;file C:\Users\PERSONAL\Desktop\PlaywrightAutomation\sdet-playwright-submissions\sdet-playwright-submission\tests\test_posts.py, line 47&#10;      @pytest.mark.smoke&#10;      async def test_get_all_posts_response_time(self, posts_api):&#10;          start_time = time.perf_counter()&#10;&#10;          response = await posts_api.get_all_posts()&#10;&#10;          end_time = time.perf_counter()&#10;          elapsed_ms = (end_time - start_time) * 1000&#10;&#10;          assert_status_code(response, 200)&#10;          assert_response_time(elapsed_ms, 500)&#10;E       fixture 'posts_api' not found&#10;&gt;       available fixtures: _artifacts_recorder, _class_scoped_runner, _function_scoped_runner, _module_scoped_runner, _package_scoped_runner, _pw_artifacts_folder, _session_scoped_runner, _verify_url, base_url, browser, browser_channel, browser_context_args, browser_name, browser_type, browser_type_launch_args, cache, capfd, capfdbinary, caplog, capsys, capsysbinary, capteesys, connect_options, context, delete_output_dir, device, doctest_namespace, event_loop_policy, extra, extras, include_metadata_in_junit_xml, is_chromium, is_firefox, is_webkit, launch_browser, metadata, monkeypatch, new_context, output_path, page, playwright, pytestconfig, record_property, record_testsuite_property, record_xml_attribute, recwarn, subtests, tmp_path, tmp_path_factory, tmpdir, tmpdir_factory, unused_tcp_port, unused_tcp_port_factory, unused_udp_port, unused_udp_port_factory&#10;&gt;       use 'pytest --fixtures [testpath]' for help on them.&#10;&#10;C:\Users\PERSONAL\Desktop\PlaywrightAutomation\sdet-playwright-submissions\sdet-playwright-submission\tests\test_posts.py:47&quot;">file C:\Users\PERSONAL\Desktop\PlaywrightAutomation\sdet-playwright-submissions\sdet-playwright-submission\tests\test_posts.py, line 47
      @pytest.mark.smoke
      async def test_get_all_posts_response_time(self, posts_api):
          start_time = time.perf_counter()

          response = await posts_api.get_all_posts()

          end_time = time.perf_counter()
          elapsed_ms = (end_time - start_time) * 1000

          assert_status_code(response, 200)
          assert_response_time(elapsed_ms, 500)
E       fixture 'posts_api' not found
&gt;       available fixtures: _artifacts_recorder, _class_scoped_runner, _function_scoped_runner, _module_scoped_runner, _package_scoped_runner, _pw_artifacts_folder, _session_scoped_runner, _verify_url, base_url, browser, browser_channel, browser_context_args, browser_name, browser_type, browser_type_launch_args, cache, capfd, capfdbinary, caplog, capsys, capsysbinary, capteesys, connect_options, context, delete_output_dir, device, doctest_namespace, event_loop_policy, extra, extras, include_metadata_in_junit_xml, is_chromium, is_firefox, is_webkit, launch_browser, metadata, monkeypatch, new_context, output_path, page, playwright, pytestconfig, record_property, record_testsuite_property, record_xml_attribute, recwarn, subtests, tmp_path, tmp_path_factory, tmpdir, tmpdir_factory, unused_tcp_port, unused_tcp_port_factory, unused_udp_port, unused_udp_port_factory
&gt;       use 'pytest --fixtures [testpath]' for help on them.

C:\Users\PERSONAL\Desktop\PlaywrightAutomation\sdet-playwright-submissions\sdet-playwright-submission\tests\test_posts.py:47</error></testcase><testcase classname="tests.test_posts.TestGetPosts" name="test_get_post_by_valid_id_returns_200" time="0.001"><error message="failed on setup with &quot;file C:\Users\PERSONAL\Desktop\PlaywrightAutomation\sdet-playwright-submissions\sdet-playwright-submission\tests\test_posts.py, line 59&#10;      @pytest.mark.critical&#10;      async def test_get_post_by_valid_id_returns_200(self, posts_api):&#10;          post_id = 1&#10;&#10;          start_time = time.perf_counter()&#10;&#10;          response = await posts_api.get_post_by_id(post_id)&#10;&#10;          end_time = time.perf_counter()&#10;          elapsed_ms = (end_time - start_time) * 1000&#10;&#10;          assert_status_code(response, 200)&#10;          assert_content_type(response)&#10;&#10;          data = await posts_api.get_json(response)&#10;          assert_response_field(data, &quot;id&quot;)&#10;          assert_response_field(data, &quot;title&quot;)&#10;          assert_response_field(data, &quot;body&quot;)&#10;          assert_response_field(data, &quot;userId&quot;)&#10;&#10;          PostResponseSchema(**data)&#10;&#10;          assert_response_time(elapsed_ms, 500)&#10;E       fixture 'posts_api' not found&#10;&gt;       available fixtures: _artifacts_recorder, _class_scoped_runner, _function_scoped_runner, _module_scoped_runner, _package_scoped_runner, _pw_artifacts_folder, _session_scoped_runner, _verify_url, base_url, browser, browser_channel, browser_context_args, browser_name, browser_type, browser_type_launch_args, cache, capfd, capfdbinary, caplog, capsys, capsysbinary, capteesys, connect_options, context, delete_output_dir, device, doctest_namespace, event_loop_policy, extra, extras, include_metadata_in_junit_xml, is_chromium, is_firefox, is_webkit, launch_browser, metadata, monkeypatch, new_context, output_path, page, playwright, pytestconfig, record_property, record_testsuite_property, record_xml_attribute, recwarn, subtests, tmp_path, tmp_path_factory, tmpdir, tmpdir_factory, unused_tcp_port, unused_tcp_port_factory, unused_udp_port, unused_udp_port_factory&#10;&gt;       use 'pytest --fixtures [testpath]' for help on them.&#10;&#10;C:\Users\PERSONAL\Desktop\PlaywrightAutomation\sdet-playwright-submissions\sdet-playwright-submission\tests\test_posts.py:59&quot;">file C:\Users\PERSONAL\Desktop\PlaywrightAutomation\sdet-playwright-submissions\sdet-playwright-submission\tests\test_posts.py, line 59
      @pytest.mark.critical
      async def test_get_post_by_valid_id_returns_200(self, posts_api):
          post_id = 1

          start_time = time.perf_counter()

          response = await posts_api.get_post_by_id(post_id)

          end_time = time.perf_counter()
          elapsed_ms = (end_time - start_time) * 1000

          assert_status_code(response, 200)
          assert_content_type(response)

          data = await posts_api.get_json(response)
          assert_response_field(data, "id")
          assert_response_field(data, "title")
          assert_response_field(data, "body")
          assert_response_field(data, "userId")

          PostResponseSchema(**data)

          assert_response_time(elapsed_ms, 500)
E       fixture 'posts_api' not found
&gt;       available fixtures: _artifacts_recorder, _class_scoped_runner, _function_scoped_runner, _module_scoped_runner, _package_scoped_runner, _pw_artifacts_folder, _session_scoped_runner, _verify_url, base_url, browser, browser_channel, browser_context_args, browser_name, browser_type, browser_type_launch_args, cache, capfd, capfdbinary, caplog, capsys, capsysbinary, capteesys, connect_options, context, delete_output_dir, device, doctest_namespace, event_loop_policy, extra, extras, include_metadata_in_junit_xml, is_chromium, is_firefox, is_webkit, launch_browser, metadata, monkeypatch, new_context, output_path, page, playwright, pytestconfig, record_property, record_testsuite_property, record_xml_attribute, recwarn, subtests, tmp_path, tmp_path_factory, tmpdir, tmpdir_factory, unused_tcp_port, unused_tcp_port_factory, unused_udp_port, unused_udp_port_factory
&gt;       use 'pytest --fixtures [testpath]' for help on them.

C:\Users\PERSONAL\Desktop\PlaywrightAutomation\sdet-playwright-submissions\sdet-playwright-submission\tests\test_posts.py:59</error></testcase><testcase classname="tests.test_posts.TestGetPosts" name="test_get_post_by_valid_ids_parametrized[1]" time="0.001"><error message="failed on setup with &quot;file C:\Users\PERSONAL\Desktop\PlaywrightAutomation\sdet-playwright-submissions\sdet-playwright-submission\tests\test_posts.py, line 83&#10;      @pytest.mark.parametrize(&quot;post_id&quot;, [1, 10, 50, 100])&#10;      async def test_get_post_by_valid_ids_parametrized(self, posts_api, post_id):&#10;&#10;          start_time = time.perf_counter()&#10;&#10;          response = await posts_api.get_post_by_id(post_id)&#10;&#10;          end_time = time.perf_counter()&#10;          elapsed_ms = (end_time - start_time) * 1000&#10;&#10;          assert_status_code(response, 200)&#10;&#10;          data = await posts_api.get_json(response)&#10;          assert_field_value(data, &quot;id&quot;, post_id)&#10;          validate_schema(data, POST_RESPONSE_SCHEMA)&#10;&#10;          assert_response_time(elapsed_ms, 500)&#10;E       fixture 'posts_api' not found&#10;&gt;       available fixtures: _artifacts_recorder, _class_scoped_runner, _function_scoped_runner, _module_scoped_runner, _package_scoped_runner, _pw_artifacts_folder, _session_scoped_runner, _verify_url, base_url, browser, browser_channel, browser_context_args, browser_name, browser_type, browser_type_launch_args, cache, capfd, capfdbinary, caplog, capsys, capsysbinary, capteesys, connect_options, context, delete_output_dir, device, doctest_namespace, event_loop_policy, extra, extras, include_metadata_in_junit_xml, is_chromium, is_firefox, is_webkit, launch_browser, metadata, monkeypatch, new_context, output_path, page, playwright, pytestconfig, record_property, record_testsuite_property, record_xml_attribute, recwarn, subtests, tmp_path, tmp_path_factory, tmpdir, tmpdir_factory, unused_tcp_port, unused_tcp_port_factory, unused_udp_port, unused_udp_port_factory&#10;&gt;       use 'pytest --fixtures [testpath]' for help on them.&#10;&#10;C:\Users\PERSONAL\Desktop\PlaywrightAutomation\sdet-playwright-submissions\sdet-playwright-submission\tests\test_posts.py:83&quot;">file C:\Users\PERSONAL\Desktop\PlaywrightAutomation\sdet-playwright-submissions\sdet-playwright-submission\tests\test_posts.py, line 83
      @pytest.mark.parametrize("post_id", [1, 10, 50, 100])
      async def test_get_post_by_valid_ids_parametrized(self, posts_api, post_id):

          start_time = time.perf_counter()

          response = await posts_api.get_post_by_id(post_id)

          end_time = time.perf_counter()
          elapsed_ms = (end_time - start_time) * 1000

          assert_status_code(response, 200)

          data = await posts_api.get_json(response)
          assert_field_value(data, "id", post_id)
          validate_schema(data, POST_RESPONSE_SCHEMA)

          assert_response_time(elapsed_ms, 500)
E       fixture 'posts_api' not found
&gt;       available fixtures: _artifacts_recorder, _class_scoped_runner, _function_scoped_runner, _module_scoped_runner, _package_scoped_runner, _pw_artifacts_folder, _session_scoped_runner, _verify_url, base_url, browser, browser_channel, browser_context_args, browser_name, browser_type, browser_type_launch_args, cache, capfd, capfdbinary, caplog, capsys, capsysbinary, capteesys, connect_options, context, delete_output_dir, device, doctest_namespace, event_loop_policy, extra, extras, include_metadata_in_junit_xml, is_chromium, is_firefox, is_webkit, launch_browser, metadata, monkeypatch, new_context, output_path, page, playwright, pytestconfig, record_property, record_testsuite_property, record_xml_attribute, recwarn, subtests, tmp_path, tmp_path_factory, tmpdir, tmpdir_factory, unused_tcp_port, unused_tcp_port_factory, unused_udp_port, unused_udp_port_factory
&gt;       use 'pytest --fixtures [testpath]' for help on them.

C:\Users\PERSONAL\Desktop\PlaywrightAutomation\sdet-playwright-submissions\sdet-playwright-submission\tests\test_posts.py:83</error></testcase><testcase classname="tests.test_posts.TestGetPosts" name="test_get_post_by_valid_ids_parametrized[10]" time="0.001"><error message="failed on setup with &quot;file C:\Users\PERSONAL\Desktop\PlaywrightAutomation\sdet-playwright-submissions\sdet-playwright-submission\tests\test_posts.py, line 83&#10;      @pytest.mark.parametrize(&quot;post_id&quot;, [1, 10, 50, 100])&#10;      async def test_get_post_by_valid_ids_parametrized(self, posts_api, post_id):&#10;&#10;          start_time = time.perf_counter()&#10;&#10;          response = await posts_api.get_post_by_id(post_id)&#10;&#10;          end_time = time.perf_counter()&#10;          elapsed_ms = (end_time - start_time) * 1000&#10;&#10;          assert_status_code(response, 200)&#10;&#10;          data = await posts_api.get_json(response)&#10;          assert_field_value(data, &quot;id&quot;, post_id)&#10;          validate_schema(data, POST_RESPONSE_SCHEMA)&#10;&#10;          assert_response_time(elapsed_ms, 500)&#10;E       fixture 'posts_api' not found&#10;&gt;       available fixtures: _artifacts_recorder, _class_scoped_runner, _function_scoped_runner, _module_scoped_runner, _package_scoped_runner, _pw_artifacts_folder, _session_scoped_runner, _verify_url, base_url, browser, browser_channel, browser_context_args, browser_name, browser_type, browser_type_launch_args, cache, capfd, capfdbinary, caplog, capsys, capsysbinary, capteesys, connect_options, context, delete_output_dir, device, doctest_namespace, event_loop_policy, extra, extras, include_metadata_in_junit_xml, is_chromium, is_firefox, is_webkit, launch_browser, metadata, monkeypatch, new_context, output_path, page, playwright, pytestconfig, record_property, record_testsuite_property, record_xml_attribute, recwarn, subtests, tmp_path, tmp_path_factory, tmpdir, tmpdir_factory, unused_tcp_port, unused_tcp_port_factory, unused_udp_port, unused_udp_port_factory&#10;&gt;       use 'pytest --fixtures [testpath]' for help on them.&#10;&#10;C:\Users\PERSONAL\Desktop\PlaywrightAutomation\sdet-playwright-submissions\sdet-playwright-submission\tests\test_posts.py:83&quot;">file C:\Users\PERSONAL\Desktop\PlaywrightAutomation\sdet-playwright-submissions\sdet-playwright-submission\tests\test_posts.py, line 83
      @pytest.mark.parametrize("post_id", [1, 10, 50, 100])
      async def test_get_post_by_valid_ids_parametrized(self, posts_api, post_id):

          start_time = time.perf_counter()

          response = await posts_api.get_post_by_id(post_id)

          end_time = time.perf_counter()
          elapsed_ms = (end_time - start_time) * 1000

          assert_status_code(response, 200)

          data = await posts_api.get_json(response)
          assert_field_value(data, "id", post_id)
          validate_schema(data, POST_RESPONSE_SCHEMA)

          assert_response_time(elapsed_ms, 500)
E       fixture 'posts_api' not found
&gt;       available fixtures: _artifacts_recorder, _class_scoped_runner, _function_scoped_runner, _module_scoped_runner, _package_scoped_runner, _pw_artifacts_folder, _session_scoped_runner, _verify_url, base_url, browser, browser_channel, browser_context_args, browser_name, browser_type, browser_type_launch_args, cache, capfd, capfdbinary, caplog, capsys, capsysbinary, capteesys, connect_options, context, delete_output_dir, device, doctest_namespace, event_loop_policy, extra, extras, include_metadata_in_junit_xml, is_chromium, is_firefox, is_webkit, launch_browser, metadata, monkeypatch, new_context, output_path, page, playwright, pytestconfig, record_property, record_testsuite_property, record_xml_attribute, recwarn, subtests, tmp_path, tmp_path_factory, tmpdir, tmpdir_factory, unused_tcp_port, unused_tcp_port_factory, unused_udp_port, unused_udp_port_factory
&gt;       use 'pytest --fixtures [testpath]' for help on them.

C:\Users\PERSONAL\Desktop\PlaywrightAutomation\sdet-playwright-submissions\sdet-playwright-submission\tests\test_posts.py:83</error></testcase><testcase classname="tests.test_posts.TestGetPosts" name="test_get_post_by_valid_ids_parametrized[50]" time="0.001"><error message="failed on setup with &quot;file C:\Users\PERSONAL\Desktop\PlaywrightAutomation\sdet-playwright-submissions\sdet-playwright-submission\tests\test_posts.py, line 83&#10;      @pytest.mark.parametrize(&quot;post_id&quot;, [1, 10, 50, 100])&#10;      async def test_get_post_by_valid_ids_parametrized(self, posts_api, post_id):&#10;&#10;          start_time = time.perf_counter()&#10;&#10;          response = await posts_api.get_post_by_id(post_id)&#10;&#10;          end_time = time.perf_counter()&#10;          elapsed_ms = (end_time - start_time) * 1000&#10;&#10;          assert_status_code(response, 200)&#10;&#10;          data = await posts_api.get_json(response)&#10;          assert_field_value(data, &quot;id&quot;, post_id)&#10;          validate_schema(data, POST_RESPONSE_SCHEMA)&#10;&#10;          assert_response_time(elapsed_ms, 500)&#10;E       fixture 'posts_api' not found&#10;&gt;       available fixtures: _artifacts_recorder, _class_scoped_runner, _function_scoped_runner, _module_scoped_runner, _package_scoped_runner, _pw_artifacts_folder, _session_scoped_runner, _verify_url, base_url, browser, browser_channel, browser_context_args, browser_name, browser_type, browser_type_launch_args, cache, capfd, capfdbinary, caplog, capsys, capsysbinary, capteesys, connect_options, context, delete_output_dir, device, doctest_namespace, event_loop_policy, extra, extras, include_metadata_in_junit_xml, is_chromium, is_firefox, is_webkit, launch_browser, metadata, monkeypatch, new_context, output_path, page, playwright, pytestconfig, record_property, record_testsuite_property, record_xml_attribute, recwarn, subtests, tmp_path, tmp_path_factory, tmpdir, tmpdir_factory, unused_tcp_port, unused_tcp_port_factory, unused_udp_port, unused_udp_port_factory&#10;&gt;       use 'pytest --fixtures [testpath]' for help on them.&#10;&#10;C:\Users\PERSONAL\Desktop\PlaywrightAutomation\sdet-playwright-submissions\sdet-playwright-submission\tests\test_posts.py:83&quot;">file C:\Users\PERSONAL\Desktop\PlaywrightAutomation\sdet-playwright-submissions\sdet-playwright-submission\tests\test_posts.py, line 83
      @pytest.mark.parametrize("post_id", [1, 10, 50, 100])
      async def test_get_post_by_valid_ids_parametrized(self, posts_api, post_id):

          start_time = time.perf_counter()

          response = await posts_api.get_post_by_id(post_id)

          end_time = time.perf_counter()
          elapsed_ms = (end_time - start_time) * 1000

          assert_status_code(response, 200)

          data = await posts_api.get_json(response)
          assert_field_value(data, "id", post_id)
          validate_schema(data, POST_RESPONSE_SCHEMA)

          assert_response_time(elapsed_ms, 500)
E       fixture 'posts_api' not found
&gt;       available fixtures: _artifacts_recorder, _class_scoped_runner, _function_scoped_runner, _module_scoped_runner, _package_scoped_runner, _pw_artifacts_folder, _session_scoped_runner, _verify_url, base_url, browser, browser_channel, browser_context_args, browser_name, browser_type, browser_type_launch_args, cache, capfd, capfdbinary, caplog, capsys, capsysbinary, capteesys, connect_options, context, delete_output_dir, device, doctest_namespace, event_loop_policy, extra, extras, include_metadata_in_junit_xml, is_chromium, is_firefox, is_webkit, launch_browser, metadata, monkeypatch, new_context, output_path, page, playwright, pytestconfig, record_property, record_testsuite_property, record_xml_attribute, recwarn, subtests, tmp_path, tmp_path_factory, tmpdir, tmpdir_factory, unused_tcp_port, unused_tcp_port_factory, unused_udp_port, unused_udp_port_factory
&gt;       use 'pytest --fixtures [testpath]' for help on them.

C:\Users\PERSONAL\Desktop\PlaywrightAutomation\sdet-playwright-submissions\sdet-playwright-submission\tests\test_posts.py:83</error></testcase><testcase classname="tests.test_posts.TestGetPosts" name="test_get_post_by_valid_ids_parametrized[100]" time="0.001"><error message="failed on setup with &quot;file C:\Users\PERSONAL\Desktop\PlaywrightAutomation\sdet-playwright-submissions\sdet-playwright-submission\tests\test_posts.py, line 83&#10;      @pytest.mark.parametrize(&quot;post_id&quot;, [1, 10, 50, 100])&#10;      async def test_get_post_by_valid_ids_parametrized(self, posts_api, post_id):&#10;&#10;          start_time = time.perf_counter()&#10;&#10;          response = await posts_api.get_post_by_id(post_id)&#10;&#10;          end_time = time.perf_counter()&#10;          elapsed_ms = (end_time - start_time) * 1000&#10;&#10;          assert_status_code(response, 200)&#10;&#10;          data = await posts_api.get_json(response)&#10;          assert_field_value(data, &quot;id&quot;, post_id)&#10;          validate_schema(data, POST_RESPONSE_SCHEMA)&#10;&#10;          assert_response_time(elapsed_ms, 500)&#10;E       fixture 'posts_api' not found&#10;&gt;       available fixtures: _artifacts_recorder, _class_scoped_runner, _function_scoped_runner, _module_scoped_runner, _package_scoped_runner, _pw_artifacts_folder, _session_scoped_runner, _verify_url, base_url, browser, browser_channel, browser_context_args, browser_name, browser_type, browser_type_launch_args, cache, capfd, capfdbinary, caplog, capsys, capsysbinary, capteesys, connect_options, context, delete_output_dir, device, doctest_namespace, event_loop_policy, extra, extras, include_metadata_in_junit_xml, is_chromium, is_firefox, is_webkit, launch_browser, metadata, monkeypatch, new_context, output_path, page, playwright, pytestconfig, record_property, record_testsuite_property, record_xml_attribute, recwarn, subtests, tmp_path, tmp_path_factory, tmpdir, tmpdir_factory, unused_tcp_port, unused_tcp_port_factory, unused_udp_port, unused_udp_port_factory&#10;&gt;       use 'pytest --fixtures [testpath]' for help on them.&#10;&#10;C:\Users\PERSONAL\Desktop\PlaywrightAutomation\sdet-playwright-submissions\sdet-playwright-submission\tests\test_posts.py:83&quot;">file C:\Users\PERSONAL\Desktop\PlaywrightAutomation\sdet-playwright-submissions\sdet-playwright-submission\tests\test_posts.py, line 83
      @pytest.mark.parametrize("post_id", [1, 10, 50, 100])
      async def test_get_post_by_valid_ids_parametrized(self, posts_api, post_id):

          start_time = time.perf_counter()

          response = await posts_api.get_post_by_id(post_id)

          end_time = time.perf_counter()
          elapsed_ms = (end_time - start_time) * 1000

          assert_status_code(response, 200)

          data = await posts_api.get_json(response)
          assert_field_value(data, "id", post_id)
          validate_schema(data, POST_RESPONSE_SCHEMA)

          assert_response_time(elapsed_ms, 500)
E       fixture 'posts_api' not found
&gt;       available fixtures: _artifacts_recorder, _class_scoped_runner, _function_scoped_runner, _module_scoped_runner, _package_scoped_runner, _pw_artifacts_folder, _session_scoped_runner, _verify_url, base_url, browser, browser_channel, browser_context_args, browser_name, browser_type, browser_type_launch_args, cache, capfd, capfdbinary, caplog, capsys, capsysbinary, capteesys, connect_options, context, delete_output_dir, device, doctest_namespace, event_loop_policy, extra, extras, include_metadata_in_junit_xml, is_chromium, is_firefox, is_webkit, launch_browser, metadata, monkeypatch, new_context, output_path, page, playwright, pytestconfig, record_property, record_testsuite_property, record_xml_attribute, recwarn, subtests, tmp_path, tmp_path_factory, tmpdir, tmpdir_factory, unused_tcp_port, unused_tcp_port_factory, unused_udp_port, unused_udp_port_factory
&gt;       use 'pytest --fixtures [testpath]' for help on them.

C:\Users\PERSONAL\Desktop\PlaywrightAutomation\sdet-playwright-submissions\sdet-playwright-submission\tests\test_posts.py:83</error></testcase><testcase classname="tests.test_posts.TestGetPosts" name="test_get_post_by_invalid_id[0]" time="0.001"><error message="failed on setup with &quot;file C:\Users\PERSONAL\Desktop\PlaywrightAutomation\sdet-playwright-submissions\sdet-playwright-submission\tests\test_posts.py, line 101&#10;      @pytest.mark.negative&#10;      @pytest.mark.parametrize(&quot;post_id&quot;, [0, -1, 99999, &quot;abc&quot;])&#10;      async def test_get_post_by_invalid_id(self, posts_api, post_id):&#10;          response = await posts_api.get_post_by_id(post_id)&#10;          assert_status_code_in(response, [400, 404])&#10;E       fixture 'posts_api' not found&#10;&gt;       available fixtures: _artifacts_recorder, _class_scoped_runner, _function_scoped_runner, _module_scoped_runner, _package_scoped_runner, _pw_artifacts_folder, _session_scoped_runner, _verify_url, base_url, browser, browser_channel, browser_context_args, browser_name, browser_type, browser_type_launch_args, cache, capfd, capfdbinary, caplog, capsys, capsysbinary, capteesys, connect_options, context, delete_output_dir, device, doctest_namespace, event_loop_policy, extra, extras, include_metadata_in_junit_xml, is_chromium, is_firefox, is_webkit, launch_browser, metadata, monkeypatch, new_context, output_path, page, playwright, pytestconfig, record_property, record_testsuite_property, record_xml_attribute, recwarn, subtests, tmp_path, tmp_path_factory, tmpdir, tmpdir_factory, unused_tcp_port, unused_tcp_port_factory, unused_udp_port, unused_udp_port_factory&#10;&gt;       use 'pytest --fixtures [testpath]' for help on them.&#10;&#10;C:\Users\PERSONAL\Desktop\PlaywrightAutomation\sdet-playwright-submissions\sdet-playwright-submission\tests\test_posts.py:101&quot;">file C:\Users\PERSONAL\Desktop\PlaywrightAutomation\sdet-playwright-submissions\sdet-playwright-submission\tests\test_posts.py, line 101
      @pytest.mark.negative
      @pytest.mark.parametrize("post_id", [0, -1, 99999, "abc"])
      async def test_get_post_by_invalid_id(self, posts_api, post_id):
          response = await posts_api.get_post_by_id(post_id)
          assert_status_code_in(response, [400, 404])
E       fixture 'posts_api' not found
&gt;       available fixtures: _artifacts_recorder, _class_scoped_runner, _function_scoped_runner, _module_scoped_runner, _package_scoped_runner, _pw_artifacts_folder, _session_scoped_runner, _verify_url, base_url, browser, browser_channel, browser_context_args, browser_name, browser_type, browser_type_launch_args, cache, capfd, capfdbinary, caplog, capsys, capsysbinary, capteesys, connect_options, context, delete_output_dir, device, doctest_namespace, event_loop_policy, extra, extras, include_metadata_in_junit_xml, is_chromium, is_firefox, is_webkit, launch_browser, metadata, monkeypatch, new_context, output_path, page, playwright, pytestconfig, record_property, record_testsuite_property, record_xml_attribute, recwarn, subtests, tmp_path, tmp_path_factory, tmpdir, tmpdir_factory, unused_tcp_port, unused_tcp_port_factory, unused_udp_port, unused_udp_port_factory
&gt;       use 'pytest --fixtures [testpath]' for help on them.

C:\Users\PERSONAL\Desktop\PlaywrightAutomation\sdet-playwright-submissions\sdet-playwright-submission\tests\test_posts.py:101</error></testcase><testcase classname="tests.test_posts.TestGetPosts" name="test_get_post_by_invalid_id[-1]" time="0.001"><error message="failed on setup with &quot;file C:\Users\PERSONAL\Desktop\PlaywrightAutomation\sdet-playwright-submissions\sdet-playwright-submission\tests\test_posts.py, line 101&#10;      @pytest.mark.negative&#10;      @pytest.mark.parametrize(&quot;post_id&quot;, [0, -1, 99999, &quot;abc&quot;])&#10;      async def test_get_post_by_invalid_id(self, posts_api, post_id):&#10;          response = await posts_api.get_post_by_id(post_id)&#10;          assert_status_code_in(response, [400, 404])&#10;E       fixture 'posts_api' not found&#10;&gt;       available fixtures: _artifacts_recorder, _class_scoped_runner, _function_scoped_runner, _module_scoped_runner, _package_scoped_runner, _pw_artifacts_folder, _session_scoped_runner, _verify_url, base_url, browser, browser_channel, browser_context_args, browser_name, browser_type, browser_type_launch_args, cache, capfd, capfdbinary, caplog, capsys, capsysbinary, capteesys, connect_options, context, delete_output_dir, device, doctest_namespace, event_loop_policy, extra, extras, include_metadata_in_junit_xml, is_chromium, is_firefox, is_webkit, launch_browser, metadata, monkeypatch, new_context, output_path, page, playwright, pytestconfig, record_property, record_testsuite_property, record_xml_attribute, recwarn, subtests, tmp_path, tmp_path_factory, tmpdir, tmpdir_factory, unused_tcp_port, unused_tcp_port_factory, unused_udp_port, unused_udp_port_factory&#10;&gt;       use 'pytest --fixtures [testpath]' for help on them.&#10;&#10;C:\Users\PERSONAL\Desktop\PlaywrightAutomation\sdet-playwright-submissions\sdet-playwright-submission\tests\test_posts.py:101&quot;">file C:\Users\PERSONAL\Desktop\PlaywrightAutomation\sdet-playwright-submissions\sdet-playwright-submission\tests\test_posts.py, line 101
      @pytest.mark.negative
      @pytest.mark.parametrize("post_id", [0, -1, 99999, "abc"])
      async def test_get_post_by_invalid_id(self, posts_api, post_id):
          response = await posts_api.get_post_by_id(post_id)
          assert_status_code_in(response, [400, 404])
E       fixture 'posts_api' not found
&gt;       available fixtures: _artifacts_recorder, _class_scoped_runner, _function_scoped_runner, _module_scoped_runner, _package_scoped_runner, _pw_artifacts_folder, _session_scoped_runner, _verify_url, base_url, browser, browser_channel, browser_context_args, browser_name, browser_type, browser_type_launch_args, cache, capfd, capfdbinary, caplog, capsys, capsysbinary, capteesys, connect_options, context, delete_output_dir, device, doctest_namespace, event_loop_policy, extra, extras, include_metadata_in_junit_xml, is_chromium, is_firefox, is_webkit, launch_browser, metadata, monkeypatch, new_context, output_path, page, playwright, pytestconfig, record_property, record_testsuite_property, record_xml_attribute, recwarn, subtests, tmp_path, tmp_path_factory, tmpdir, tmpdir_factory, unused_tcp_port, unused_tcp_port_factory, unused_udp_port, unused_udp_port_factory
&gt;       use 'pytest --fixtures [testpath]' for help on them.

C:\Users\PERSONAL\Desktop\PlaywrightAutomation\sdet-playwright-submissions\sdet-playwright-submission\tests\test_posts.py:101</error></testcase><testcase classname="tests.test_posts.TestGetPosts" name="test_get_post_by_invalid_id[99999]" time="0.001"><error message="failed on setup with &quot;file C:\Users\PERSONAL\Desktop\PlaywrightAutomation\sdet-playwright-submissions\sdet-playwright-submission\tests\test_posts.py, line 101&#10;      @pytest.mark.negative&#10;      @pytest.mark.parametrize(&quot;post_id&quot;, [0, -1, 99999, &quot;abc&quot;])&#10;      async def test_get_post_by_invalid_id(self, posts_api, post_id):&#10;          response = await posts_api.get_post_by_id(post_id)&#10;          assert_status_code_in(response, [400, 404])&#10;E       fixture 'posts_api' not found&#10;&gt;       available fixtures: _artifacts_recorder, _class_scoped_runner, _function_scoped_runner, _module_scoped_runner, _package_scoped_runner, _pw_artifacts_folder, _session_scoped_runner, _verify_url, base_url, browser, browser_channel, browser_context_args, browser_name, browser_type, browser_type_launch_args, cache, capfd, capfdbinary, caplog, capsys, capsysbinary, capteesys, connect_options, context, delete_output_dir, device, doctest_namespace, event_loop_policy, extra, extras, include_metadata_in_junit_xml, is_chromium, is_firefox, is_webkit, launch_browser, metadata, monkeypatch, new_context, output_path, page, playwright, pytestconfig, record_property, record_testsuite_property, record_xml_attribute, recwarn, subtests, tmp_path, tmp_path_factory, tmpdir, tmpdir_factory, unused_tcp_port, unused_tcp_port_factory, unused_udp_port, unused_udp_port_factory&#10;&gt;       use 'pytest --fixtures [testpath]' for help on them.&#10;&#10;C:\Users\PERSONAL\Desktop\PlaywrightAutomation\sdet-playwright-submissions\sdet-playwright-submission\tests\test_posts.py:101&quot;">file C:\Users\PERSONAL\Desktop\PlaywrightAutomation\sdet-playwright-submissions\sdet-playwright-submission\tests\test_posts.py, line 101
      @pytest.mark.negative
      @pytest.mark.parametrize("post_id", [0, -1, 99999, "abc"])
      async def test_get_post_by_invalid_id(self, posts_api, post_id):
          response = await posts_api.get_post_by_id(post_id)
          assert_status_code_in(response, [400, 404])
E       fixture 'posts_api' not found
&gt;       available fixtures: _artifacts_recorder, _class_scoped_runner, _function_scoped_runner, _module_scoped_runner, _package_scoped_runner, _pw_artifacts_folder, _session_scoped_runner, _verify_url, base_url, browser, browser_channel, browser_context_args, browser_name, browser_type, browser_type_launch_args, cache, capfd, capfdbinary, caplog, capsys, capsysbinary, capteesys, connect_options, context, delete_output_dir, device, doctest_namespace, event_loop_policy, extra, extras, include_metadata_in_junit_xml, is_chromium, is_firefox, is_webkit, launch_browser, metadata, monkeypatch, new_context, output_path, page, playwright, pytestconfig, record_property, record_testsuite_property, record_xml_attribute, recwarn, subtests, tmp_path, tmp_path_factory, tmpdir, tmpdir_factory, unused_tcp_port, unused_tcp_port_factory, unused_udp_port, unused_udp_port_factory
&gt;       use 'pytest --fixtures [testpath]' for help on them.

C:\Users\PERSONAL\Desktop\PlaywrightAutomation\sdet-playwright-submissions\sdet-playwright-submission\tests\test_posts.py:101</error></testcase><testcase classname="tests.test_posts.TestGetPosts" name="test_get_post_by_invalid_id[abc]" time="0.001"><error message="failed on setup with &quot;file C:\Users\PERSONAL\Desktop\PlaywrightAutomation\sdet-playwright-submissions\sdet-playwright-submission\tests\test_posts.py, line 101&#10;      @pytest.mark.negative&#10;      @pytest.mark.parametrize(&quot;post_id&quot;, [0, -1, 99999, &quot;abc&quot;])&#10;      async def test_get_post_by_invalid_id(self, posts_api, post_id):&#10;          response = await posts_api.get_post_by_id(post_id)&#10;          assert_status_code_in(response, [400, 404])&#10;E       fixture 'posts_api' not found&#10;&gt;       available fixtures: _artifacts_recorder, _class_scoped_runner, _function_scoped_runner, _module_scoped_runner, _package_scoped_runner, _pw_artifacts_folder, _session_scoped_runner, _verify_url, base_url, browser, browser_channel, browser_context_args, browser_name, browser_type, browser_type_launch_args, cache, capfd, capfdbinary, caplog, capsys, capsysbinary, capteesys, connect_options, context, delete_output_dir, device, doctest_namespace, event_loop_policy, extra, extras, include_metadata_in_junit_xml, is_chromium, is_firefox, is_webkit, launch_browser, metadata, monkeypatch, new_context, output_path, page, playwright, pytestconfig, record_property, record_testsuite_property, record_xml_attribute, recwarn, subtests, tmp_path, tmp_path_factory, tmpdir, tmpdir_factory, unused_tcp_port, unused_tcp_port_factory, unused_udp_port, unused_udp_port_factory&#10;&gt;       use 'pytest --fixtures [testpath]' for help on them.&#10;&#10;C:\Users\PERSONAL\Desktop\PlaywrightAutomation\sdet-playwright-submissions\sdet-playwright-submission\tests\test_posts.py:101&quot;">file C:\Users\PERSONAL\Desktop\PlaywrightAutomation\sdet-playwright-submissions\sdet-playwright-submission\tests\test_posts.py, line 101
      @pytest.mark.negative
      @pytest.mark.parametrize("post_id", [0, -1, 99999, "abc"])
      async def test_get_post_by_invalid_id(self, posts_api, post_id):
          response = await posts_api.get_post_by_id(post_id)
          assert_status_code_in(response, [400, 404])
E       fixture 'posts_api' not found
&gt;       available fixtures: _artifacts_recorder, _class_scoped_runner, _function_scoped_runner, _module_scoped_runner, _package_scoped_runner, _pw_artifacts_folder, _session_scoped_runner, _verify_url, base_url, browser, browser_channel, browser_context_args, browser_name, browser_type, browser_type_launch_args, cache, capfd, capfdbinary, caplog, capsys, capsysbinary, capteesys, connect_options, context, delete_output_dir, device, doctest_namespace, event_loop_policy, extra, extras, include_metadata_in_junit_xml, is_chromium, is_firefox, is_webkit, launch_browser, metadata, monkeypatch, new_context, output_path, page, playwright, pytestconfig, record_property, record_testsuite_property, record_xml_attribute, recwarn, subtests, tmp_path, tmp_path_factory, tmpdir, tmpdir_factory, unused_tcp_port, unused_tcp_port_factory, unused_udp_port, unused_udp_port_factory
&gt;       use 'pytest --fixtures [testpath]' for help on them.

C:\Users\PERSONAL\Desktop\PlaywrightAutomation\sdet-playwright-submissions\sdet-playwright-submission\tests\test_posts.py:101</error></testcase><testcase classname="tests.test_posts.TestPostsPagination" name="test_get_posts_pagination" time="0.000"><error message="failed on setup with &quot;file C:\Users\PERSONAL\Desktop\PlaywrightAutomation\sdet-playwright-submissions\sdet-playwright-submission\tests\test_posts.py, line 110&#10;      @pytest.mark.critical&#10;      async def test_get_posts_pagination(self, posts_api):&#10;          start_time = time.perf_counter()&#10;&#10;          response = await posts_api.get_posts_paginated(page=1, limit=10)&#10;&#10;          end_time = time.perf_counter()&#10;          elapsed_ms = (end_time - start_time) * 1000&#10;&#10;          assert_status_code(response, 200)&#10;          assert_content_type(response)&#10;&#10;          data = await posts_api.get_json(response)&#10;&#10;          assert_is_list(data)&#10;          assert len(data) == 10&#10;&#10;          assert_response_time(elapsed_ms, 500)&#10;E       fixture 'posts_api' not found&#10;&gt;       available fixtures: _artifacts_recorder, _class_scoped_runner, _function_scoped_runner, _module_scoped_runner, _package_scoped_runner, _pw_artifacts_folder, _session_scoped_runner, _verify_url, base_url, browser, browser_channel, browser_context_args, browser_name, browser_type, browser_type_launch_args, cache, capfd, capfdbinary, caplog, capsys, capsysbinary, capteesys, connect_options, context, delete_output_dir, device, doctest_namespace, event_loop_policy, extra, extras, include_metadata_in_junit_xml, is_chromium, is_firefox, is_webkit, launch_browser, metadata, monkeypatch, new_context, output_path, page, playwright, pytestconfig, record_property, record_testsuite_property, record_xml_attribute, recwarn, subtests, tmp_path, tmp_path_factory, tmpdir, tmpdir_factory, unused_tcp_port, unused_tcp_port_factory, unused_udp_port, unused_udp_port_factory&#10;&gt;       use 'pytest --fixtures [testpath]' for help on them.&#10;&#10;C:\Users\PERSONAL\Desktop\PlaywrightAutomation\sdet-playwright-submissions\sdet-playwright-submission\tests\test_posts.py:110&quot;">file C:\Users\PERSONAL\Desktop\PlaywrightAutomation\sdet-playwright-submissions\sdet-playwright-submission\tests\test_posts.py, line 110
      @pytest.mark.critical
      async def test_get_posts_pagination(self, posts_api):
          start_time = time.perf_counter()

          response = await posts_api.get_posts_paginated(page=1, limit=10)

          end_time = time.perf_counter()
          elapsed_ms = (end_time - start_time) * 1000

          assert_status_code(response, 200)
          assert_content_type(response)

          data = await posts_api.get_json(response)

          assert_is_list(data)
          assert len(data) == 10

          assert_response_time(elapsed_ms, 500)
E       fixture 'posts_api' not found
&gt;       available fixtures: _artifacts_recorder, _class_scoped_runner, _function_scoped_runner, _module_scoped_runner, _package_scoped_runner, _pw_artifacts_folder, _session_scoped_runner, _verify_url, base_url, browser, browser_channel, browser_context_args, browser_name, browser_type, browser_type_launch_args, cache, capfd, capfdbinary, caplog, capsys, capsysbinary, capteesys, connect_options, context, delete_output_dir, device, doctest_namespace, event_loop_policy, extra, extras, include_metadata_in_junit_xml, is_chromium, is_firefox, is_webkit, launch_browser, metadata, monkeypatch, new_context, output_path, page, playwright, pytestconfig, record_property, record_testsuite_property, record_xml_attribute, recwarn, subtests, tmp_path, tmp_path_factory, tmpdir, tmpdir_factory, unused_tcp_port, unused_tcp_port_factory, unused_udp_port, unused_udp_port_factory
&gt;       use 'pytest --fixtures [testpath]' for help on them.

C:\Users\PERSONAL\Desktop\PlaywrightAutomation\sdet-playwright-submissions\sdet-playwright-submission\tests\test_posts.py:110</error></testcase><testcase classname="tests.test_posts.TestPostsPagination" name="test_pagination_total_count_header" time="0.001"><error message="failed on setup with &quot;file C:\Users\PERSONAL\Desktop\PlaywrightAutomation\sdet-playwright-submissions\sdet-playwright-submission\tests\test_posts.py, line 129&#10;      @pytest.mark.critical&#10;      async def test_pagination_total_count_header(self, posts_api):&#10;          start_time = time.perf_counter()&#10;&#10;          response = await posts_api.get_posts_paginated(page=1, limit=10)&#10;&#10;          end_time = time.perf_counter()&#10;          elapsed_ms = (end_time - start_time) * 1000&#10;&#10;          assert_status_code(response, 200)&#10;&#10;          headers = response.headers&#10;          assert &quot;x-total-count&quot; in headers&#10;&#10;          assert_response_time(elapsed_ms, 500)&#10;E       fixture 'posts_api' not found&#10;&gt;       available fixtures: _artifacts_recorder, _class_scoped_runner, _function_scoped_runner, _module_scoped_runner, _package_scoped_runner, _pw_artifacts_folder, _session_scoped_runner, _verify_url, base_url, browser, browser_channel, browser_context_args, browser_name, browser_type, browser_type_launch_args, cache, capfd, capfdbinary, caplog, capsys, capsysbinary, capteesys, connect_options, context, delete_output_dir, device, doctest_namespace, event_loop_policy, extra, extras, include_metadata_in_junit_xml, is_chromium, is_firefox, is_webkit, launch_browser, metadata, monkeypatch, new_context, output_path, page, playwright, pytestconfig, record_property, record_testsuite_property, record_xml_attribute, recwarn, subtests, tmp_path, tmp_path_factory, tmpdir, tmpdir_factory, unused_tcp_port, unused_tcp_port_factory, unused_udp_port, unused_udp_port_factory&#10;&gt;       use 'pytest --fixtures [testpath]' for help on them.&#10;&#10;C:\Users\PERSONAL\Desktop\PlaywrightAutomation\sdet-playwright-submissions\sdet-playwright-submission\tests\test_posts.py:129&quot;">file C:\Users\PERSONAL\Desktop\PlaywrightAutomation\sdet-playwright-submissions\sdet-playwright-submission\tests\test_posts.py, line 129
      @pytest.mark.critical
      async def test_pagination_total_count_header(self, posts_api):
          start_time = time.perf_counter()

          response = await posts_api.get_posts_paginated(page=1, limit=10)

          end_time = time.perf_counter()
          elapsed_ms = (end_time - start_time) * 1000

          assert_status_code(response, 200)

          headers = response.headers
          assert "x-total-count" in headers

          assert_response_time(elapsed_ms, 500)
E       fixture 'posts_api' not found
&gt;       available fixtures: _artifacts_recorder, _class_scoped_runner, _function_scoped_runner, _module_scoped_runner, _package_scoped_runner, _pw_artifacts_folder, _session_scoped_runner, _verify_url, base_url, browser, browser_channel, browser_context_args, browser_name, browser_type, browser_type_launch_args, cache, capfd, capfdbinary, caplog, capsys, capsysbinary, capteesys, connect_options, context, delete_output_dir, device, doctest_namespace, event_loop_policy, extra, extras, include_metadata_in_junit_xml, is_chromium, is_firefox, is_webkit, launch_browser, metadata, monkeypatch, new_context, output_path, page, playwright, pytestconfig, record_property, record_testsuite_property, record_xml_attribute, recwarn, subtests, tmp_path, tmp_path_factory, tmpdir, tmpdir_factory, unused_tcp_port, unused_tcp_port_factory, unused_udp_port, unused_udp_port_factory
&gt;       use 'pytest --fixtures [testpath]' for help on them.

C:\Users\PERSONAL\Desktop\PlaywrightAutomation\sdet-playwright-submissions\sdet-playwright-submission\tests\test_posts.py:129</error></testcase><testcase classname="tests.test_posts.TestPostsPagination" name="test_pagination_out_of_range" time="0.001"><error message="failed on setup with &quot;file C:\Users\PERSONAL\Desktop\PlaywrightAutomation\sdet-playwright-submissions\sdet-playwright-submission\tests\test_posts.py, line 145&#10;      @pytest.mark.negative&#10;      async def test_pagination_out_of_range(self, posts_api):&#10;          response = await posts_api.get_posts_paginated(page=999, limit=10)&#10;&#10;          assert_status_code(response, 200)&#10;&#10;          data = await posts_api.get_json(response)&#10;          assert data == []&#10;E       fixture 'posts_api' not found&#10;&gt;       available fixtures: _artifacts_recorder, _class_scoped_runner, _function_scoped_runner, _module_scoped_runner, _package_scoped_runner, _pw_artifacts_folder, _session_scoped_runner, _verify_url, base_url, browser, browser_channel, browser_context_args, browser_name, browser_type, browser_type_launch_args, cache, capfd, capfdbinary, caplog, capsys, capsysbinary, capteesys, connect_options, context, delete_output_dir, device, doctest_namespace, event_loop_policy, extra, extras, include_metadata_in_junit_xml, is_chromium, is_firefox, is_webkit, launch_browser, metadata, monkeypatch, new_context, output_path, page, playwright, pytestconfig, record_property, record_testsuite_property, record_xml_attribute, recwarn, subtests, tmp_path, tmp_path_factory, tmpdir, tmpdir_factory, unused_tcp_port, unused_tcp_port_factory, unused_udp_port, unused_udp_port_factory&#10;&gt;       use 'pytest --fixtures [testpath]' for help on them.&#10;&#10;C:\Users\PERSONAL\Desktop\PlaywrightAutomation\sdet-playwright-submissions\sdet-playwright-submission\tests\test_posts.py:145&quot;">file C:\Users\PERSONAL\Desktop\PlaywrightAutomation\sdet-playwright-submissions\sdet-playwright-submission\tests\test_posts.py, line 145
      @pytest.mark.negative
      async def test_pagination_out_of_range(self, posts_api):
          response = await posts_api.get_posts_paginated(page=999, limit=10)

          assert_status_code(response, 200)

          data = await posts_api.get_json(response)
          assert data == []
E       fixture 'posts_api' not found
&gt;       available fixtures: _artifacts_recorder, _class_scoped_runner, _function_scoped_runner, _module_scoped_runner, _package_scoped_runner, _pw_artifacts_folder, _session_scoped_runner, _verify_url, base_url, browser, browser_channel, browser_context_args, browser_name, browser_type, browser_type_launch_args, cache, capfd, capfdbinary, caplog, capsys, capsysbinary, capteesys, connect_options, context, delete_output_dir, device, doctest_namespace, event_loop_policy, extra, extras, include_metadata_in_junit_xml, is_chromium, is_firefox, is_webkit, launch_browser, metadata, monkeypatch, new_context, output_path, page, playwright, pytestconfig, record_property, record_testsuite_property, record_xml_attribute, recwarn, subtests, tmp_path, tmp_path_factory, tmpdir, tmpdir_factory, unused_tcp_port, unused_tcp_port_factory, unused_udp_port, unused_udp_port_factory
&gt;       use 'pytest --fixtures [testpath]' for help on them.

C:\Users\PERSONAL\Desktop\PlaywrightAutomation\sdet-playwright-submissions\sdet-playwright-submission\tests\test_posts.py:145</error></testcase><testcase classname="tests.test_posts.TestConcurrentRequests" name="test_parallel_get_requests" time="0.001"><error message="failed on setup with &quot;file C:\Users\PERSONAL\Desktop\PlaywrightAutomation\sdet-playwright-submissions\sdet-playwright-submission\tests\test_posts.py, line 157&#10;      @pytest.mark.performance&#10;      async def test_parallel_get_requests(self, posts_api):&#10;&#10;          start_time = time.perf_counter()&#10;&#10;          tasks = [&#10;              posts_api.get_post_by_id(i)&#10;              for i in range(1, 11)&#10;          ]&#10;&#10;          responses = await asyncio.gather(*tasks)&#10;&#10;          end_time = time.perf_counter()&#10;          elapsed_ms = (end_time - start_time) * 1000&#10;&#10;          for response in responses:&#10;              assert_status_code(response, 200)&#10;              assert_content_type(response)&#10;&#10;          assert_response_time(elapsed_ms, 500)&#10;E       fixture 'posts_api' not found&#10;&gt;       available fixtures: _artifacts_recorder, _class_scoped_runner, _function_scoped_runner, _module_scoped_runner, _package_scoped_runner, _pw_artifacts_folder, _session_scoped_runner, _verify_url, base_url, browser, browser_channel, browser_context_args, browser_name, browser_type, browser_type_launch_args, cache, capfd, capfdbinary, caplog, capsys, capsysbinary, capteesys, connect_options, context, delete_output_dir, device, doctest_namespace, event_loop_policy, extra, extras, include_metadata_in_junit_xml, is_chromium, is_firefox, is_webkit, launch_browser, metadata, monkeypatch, new_context, output_path, page, playwright, pytestconfig, record_property, record_testsuite_property, record_xml_attribute, recwarn, subtests, tmp_path, tmp_path_factory, tmpdir, tmpdir_factory, unused_tcp_port, unused_tcp_port_factory, unused_udp_port, unused_udp_port_factory&#10;&gt;       use 'pytest --fixtures [testpath]' for help on them.&#10;&#10;C:\Users\PERSONAL\Desktop\PlaywrightAutomation\sdet-playwright-submissions\sdet-playwright-submission\tests\test_posts.py:157&quot;">file C:\Users\PERSONAL\Desktop\PlaywrightAutomation\sdet-playwright-submissions\sdet-playwright-submission\tests\test_posts.py, line 157
      @pytest.mark.performance
      async def test_parallel_get_requests(self, posts_api):

          start_time = time.perf_counter()

          tasks = [
              posts_api.get_post_by_id(i)
              for i in range(1, 11)
          ]

          responses = await asyncio.gather(*tasks)

          end_time = time.perf_counter()
          elapsed_ms = (end_time - start_time) * 1000

          for response in responses:
              assert_status_code(response, 200)
              assert_content_type(response)

          assert_response_time(elapsed_ms, 500)
E       fixture 'posts_api' not found
&gt;       available fixtures: _artifacts_recorder, _class_scoped_runner, _function_scoped_runner, _module_scoped_runner, _package_scoped_runner, _pw_artifacts_folder, _session_scoped_runner, _verify_url, base_url, browser, browser_channel, browser_context_args, browser_name, browser_type, browser_type_launch_args, cache, capfd, capfdbinary, caplog, capsys, capsysbinary, capteesys, connect_options, context, delete_output_dir, device, doctest_namespace, event_loop_policy, extra, extras, include_metadata_in_junit_xml, is_chromium, is_firefox, is_webkit, launch_browser, metadata, monkeypatch, new_context, output_path, page, playwright, pytestconfig, record_property, record_testsuite_property, record_xml_attribute, recwarn, subtests, tmp_path, tmp_path_factory, tmpdir, tmpdir_factory, unused_tcp_port, unused_tcp_port_factory, unused_udp_port, unused_udp_port_factory
&gt;       use 'pytest --fixtures [testpath]' for help on them.

C:\Users\PERSONAL\Desktop\PlaywrightAutomation\sdet-playwright-submissions\sdet-playwright-submission\tests\test_posts.py:157</error></testcase><testcase classname="tests.test_posts.TestCreatePost" name="test_create_post_with_valid_payload_returns_201" time="0.001"><error message="failed on setup with &quot;file C:\Users\PERSONAL\Desktop\PlaywrightAutomation\sdet-playwright-submissions\sdet-playwright-submission\tests\test_posts.py, line 181&#10;      @pytest.mark.smoke&#10;      @pytest.mark.critical&#10;      async def test_create_post_with_valid_payload_returns_201(self, posts_api, post_payload):&#10;          response = await posts_api.create_post(&#10;              title=post_payload[&quot;title&quot;],&#10;              body=post_payload[&quot;body&quot;],&#10;              user_id=post_payload[&quot;userId&quot;]&#10;          )&#10;&#10;          assert_status_code(response, 201)&#10;          assert_content_type(response)&#10;&#10;          data = await posts_api.get_json(response)&#10;&#10;          assert_field_value(data, &quot;title&quot;, post_payload[&quot;title&quot;])&#10;          assert_field_value(data, &quot;body&quot;, post_payload[&quot;body&quot;])&#10;          assert_field_value(data, &quot;userId&quot;, post_payload[&quot;userId&quot;])&#10;&#10;          validate_schema(data, POST_RESPONSE_SCHEMA)&#10;E       fixture 'posts_api' not found&#10;&gt;       available fixtures: _artifacts_recorder, _class_scoped_runner, _function_scoped_runner, _module_scoped_runner, _package_scoped_runner, _pw_artifacts_folder, _session_scoped_runner, _verify_url, base_url, browser, browser_channel, browser_context_args, browser_name, browser_type, browser_type_launch_args, cache, capfd, capfdbinary, caplog, capsys, capsysbinary, capteesys, connect_options, context, delete_output_dir, device, doctest_namespace, event_loop_policy, extra, extras, include_metadata_in_junit_xml, is_chromium, is_firefox, is_webkit, launch_browser, metadata, monkeypatch, new_context, output_path, page, playwright, pytestconfig, record_property, record_testsuite_property, record_xml_attribute, recwarn, subtests, tmp_path, tmp_path_factory, tmpdir, tmpdir_factory, unused_tcp_port, unused_tcp_port_factory, unused_udp_port, unused_udp_port_factory&#10;&gt;       use 'pytest --fixtures [testpath]' for help on them.&#10;&#10;C:\Users\PERSONAL\Desktop\PlaywrightAutomation\sdet-playwright-submissions\sdet-playwright-submission\tests\test_posts.py:181&quot;">file C:\Users\PERSONAL\Desktop\PlaywrightAutomation\sdet-playwright-submissions\sdet-playwright-submission\tests\test_posts.py, line 181
      @pytest.mark.smoke
      @pytest.mark.critical
      async def test_create_post_with_valid_payload_returns_201(self, posts_api, post_payload):
          response = await posts_api.create_post(
              title=post_payload["title"],
              body=post_payload["body"],
              user_id=post_payload["userId"]
          )

          assert_status_code(response, 201)
          assert_content_type(response)

          data = await posts_api.get_json(response)

          assert_field_value(data, "title", post_payload["title"])
          assert_field_value(data, "body", post_payload["body"])
          assert_field_value(data, "userId", post_payload["userId"])

          validate_schema(data, POST_RESPONSE_SCHEMA)
E       fixture 'posts_api' not found
&gt;       available fixtures: _artifacts_recorder, _class_scoped_runner, _function_scoped_runner, _module_scoped_runner, _package_scoped_runner, _pw_artifacts_folder, _session_scoped_runner, _verify_url, base_url, browser, browser_channel, browser_context_args, browser_name, browser_type, browser_type_launch_args, cache, capfd, capfdbinary, caplog, capsys, capsysbinary, capteesys, connect_options, context, delete_output_dir, device, doctest_namespace, event_loop_policy, extra, extras, include_metadata_in_junit_xml, is_chromium, is_firefox, is_webkit, launch_browser, metadata, monkeypatch, new_context, output_path, page, playwright, pytestconfig, record_property, record_testsuite_property, record_xml_attribute, recwarn, subtests, tmp_path, tmp_path_factory, tmpdir, tmpdir_factory, unused_tcp_port, unused_tcp_port_factory, unused_udp_port, unused_udp_port_factory
&gt;       use 'pytest --fixtures [testpath]' for help on them.

C:\Users\PERSONAL\Desktop\PlaywrightAutomation\sdet-playwright-submissions\sdet-playwright-submission\tests\test_posts.py:181</error></testcase><testcase classname="tests.test_posts.TestCreatePost" name="test_create_post_with_different_users[1]" time="0.001"><error message="failed on setup with &quot;file C:\Users\PERSONAL\Desktop\PlaywrightAutomation\sdet-playwright-submissions\sdet-playwright-submission\tests\test_posts.py, line 201&#10;      @pytest.mark.parametrize(&quot;user_id&quot;, [1, 5, 10])&#10;      async def test_create_post_with_different_users(self, posts_api, user_id):&#10;          response = await posts_api.create_post(&#10;              title=&quot;Test Title&quot;,&#10;              body=&quot;Test Body&quot;,&#10;              user_id=user_id&#10;          )&#10;&#10;          assert_status_code(response, 201)&#10;&#10;          data = await posts_api.get_json(response)&#10;          assert_field_value(data, &quot;userId&quot;, user_id)&#10;E       fixture 'posts_api' not found&#10;&gt;       available fixtures: _artifacts_recorder, _class_scoped_runner, _function_scoped_runner, _module_scoped_runner, _package_scoped_runner, _pw_artifacts_folder, _session_scoped_runner, _verify_url, base_url, browser, browser_channel, browser_context_args, browser_name, browser_type, browser_type_launch_args, cache, capfd, capfdbinary, caplog, capsys, capsysbinary, capteesys, connect_options, context, delete_output_dir, device, doctest_namespace, event_loop_policy, extra, extras, include_metadata_in_junit_xml, is_chromium, is_firefox, is_webkit, launch_browser, metadata, monkeypatch, new_context, output_path, page, playwright, pytestconfig, record_property, record_testsuite_property, record_xml_attribute, recwarn, subtests, tmp_path, tmp_path_factory, tmpdir, tmpdir_factory, unused_tcp_port, unused_tcp_port_factory, unused_udp_port, unused_udp_port_factory&#10;&gt;       use 'pytest --fixtures [testpath]' for help on them.&#10;&#10;C:\Users\PERSONAL\Desktop\PlaywrightAutomation\sdet-playwright-submissions\sdet-playwright-submission\tests\test_posts.py:201&quot;">file C:\Users\PERSONAL\Desktop\PlaywrightAutomation\sdet-playwright-submissions\sdet-playwright-submission\tests\test_posts.py, line 201
      @pytest.mark.parametrize("user_id", [1, 5, 10])
      async def test_create_post_with_different_users(self, posts_api, user_id):
          response = await posts_api.create_post(
              title="Test Title",
              body="Test Body",
              user_id=user_id
          )

          assert_status_code(response, 201)

          data = await posts_api.get_json(response)
          assert_field_value(data, "userId", user_id)
E       fixture 'posts_api' not found
&gt;       available fixtures: _artifacts_recorder, _class_scoped_runner, _function_scoped_runner, _module_scoped_runner, _package_scoped_runner, _pw_artifacts_folder, _session_scoped_runner, _verify_url, base_url, browser, browser_channel, browser_context_args, browser_name, browser_type, browser_type_launch_args, cache, capfd, capfdbinary, caplog, capsys, capsysbinary, capteesys, connect_options, context, delete_output_dir, device, doctest_namespace, event_loop_policy, extra, extras, include_metadata_in_junit_xml, is_chromium, is_firefox, is_webkit, launch_browser, metadata, monkeypatch, new_context, output_path, page, playwright, pytestconfig, record_property, record_testsuite_property, record_xml_attribute, recwarn, subtests, tmp_path, tmp_path_factory, tmpdir, tmpdir_factory, unused_tcp_port, unused_tcp_port_factory, unused_udp_port, unused_udp_port_factory
&gt;       use 'pytest --fixtures [testpath]' for help on them.

C:\Users\PERSONAL\Desktop\PlaywrightAutomation\sdet-playwright-submissions\sdet-playwright-submission\tests\test_posts.py:201</error></testcase><testcase classname="tests.test_posts.TestCreatePost" name="test_create_post_with_different_users[5]" time="0.000"><error message="failed on setup with &quot;file C:\Users\PERSONAL\Desktop\PlaywrightAutomation\sdet-playwright-submissions\sdet-playwright-submission\tests\test_posts.py, line 201&#10;      @pytest.mark.parametrize(&quot;user_id&quot;, [1, 5, 10])&#10;      async def test_create_post_with_different_users(self, posts_api, user_id):&#10;          response = await posts_api.create_post(&#10;              title=&quot;Test Title&quot;,&#10;              body=&quot;Test Body&quot;,&#10;              user_id=user_id&#10;          )&#10;&#10;          assert_status_code(response, 201)&#10;&#10;          data = await posts_api.get_json(response)&#10;          assert_field_value(data, &quot;userId&quot;, user_id)&#10;E       fixture 'posts_api' not found&#10;&gt;       available fixtures: _artifacts_recorder, _class_scoped_runner, _function_scoped_runner, _module_scoped_runner, _package_scoped_runner, _pw_artifacts_folder, _session_scoped_runner, _verify_url, base_url, browser, browser_channel, browser_context_args, browser_name, browser_type, browser_type_launch_args, cache, capfd, capfdbinary, caplog, capsys, capsysbinary, capteesys, connect_options, context, delete_output_dir, device, doctest_namespace, event_loop_policy, extra, extras, include_metadata_in_junit_xml, is_chromium, is_firefox, is_webkit, launch_browser, metadata, monkeypatch, new_context, output_path, page, playwright, pytestconfig, record_property, record_testsuite_property, record_xml_attribute, recwarn, subtests, tmp_path, tmp_path_factory, tmpdir, tmpdir_factory, unused_tcp_port, unused_tcp_port_factory, unused_udp_port, unused_udp_port_factory&#10;&gt;       use 'pytest --fixtures [testpath]' for help on them.&#10;&#10;C:\Users\PERSONAL\Desktop\PlaywrightAutomation\sdet-playwright-submissions\sdet-playwright-submission\tests\test_posts.py:201&quot;">file C:\Users\PERSONAL\Desktop\PlaywrightAutomation\sdet-playwright-submissions\sdet-playwright-submission\tests\test_posts.py, line 201
      @pytest.mark.parametrize("user_id", [1, 5, 10])
      async def test_create_post_with_different_users(self, posts_api, user_id):
          response = await posts_api.create_post(
              title="Test Title",
              body="Test Body",
              user_id=user_id
          )

          assert_status_code(response, 201)

          data = await posts_api.get_json(response)
          assert_field_value(data, "userId", user_id)
E       fixture 'posts_api' not found
&gt;       available fixtures: _artifacts_recorder, _class_scoped_runner, _function_scoped_runner, _module_scoped_runner, _package_scoped_runner, _pw_artifacts_folder, _session_scoped_runner, _verify_url, base_url, browser, browser_channel, browser_context_args, browser_name, browser_type, browser_type_launch_args, cache, capfd, capfdbinary, caplog, capsys, capsysbinary, capteesys, connect_options, context, delete_output_dir, device, doctest_namespace, event_loop_policy, extra, extras, include_metadata_in_junit_xml, is_chromium, is_firefox, is_webkit, launch_browser, metadata, monkeypatch, new_context, output_path, page, playwright, pytestconfig, record_property, record_testsuite_property, record_xml_attribute, recwarn, subtests, tmp_path, tmp_path_factory, tmpdir, tmpdir_factory, unused_tcp_port, unused_tcp_port_factory, unused_udp_port, unused_udp_port_factory
&gt;       use 'pytest --fixtures [testpath]' for help on them.

C:\Users\PERSONAL\Desktop\PlaywrightAutomation\sdet-playwright-submissions\sdet-playwright-submission\tests\test_posts.py:201</error></testcase><testcase classname="tests.test_posts.TestCreatePost" name="test_create_post_with_different_users[10]" time="0.001"><error message="failed on setup with &quot;file C:\Users\PERSONAL\Desktop\PlaywrightAutomation\sdet-playwright-submissions\sdet-playwright-submission\tests\test_posts.py, line 201&#10;      @pytest.mark.parametrize(&quot;user_id&quot;, [1, 5, 10])&#10;      async def test_create_post_with_different_users(self, posts_api, user_id):&#10;          response = await posts_api.create_post(&#10;              title=&quot;Test Title&quot;,&#10;              body=&quot;Test Body&quot;,&#10;              user_id=user_id&#10;          )&#10;&#10;          assert_status_code(response, 201)&#10;&#10;          data = await posts_api.get_json(response)&#10;          assert_field_value(data, &quot;userId&quot;, user_id)&#10;E       fixture 'posts_api' not found&#10;&gt;       available fixtures: _artifacts_recorder, _class_scoped_runner, _function_scoped_runner, _module_scoped_runner, _package_scoped_runner, _pw_artifacts_folder, _session_scoped_runner, _verify_url, base_url, browser, browser_channel, browser_context_args, browser_name, browser_type, browser_type_launch_args, cache, capfd, capfdbinary, caplog, capsys, capsysbinary, capteesys, connect_options, context, delete_output_dir, device, doctest_namespace, event_loop_policy, extra, extras, include_metadata_in_junit_xml, is_chromium, is_firefox, is_webkit, launch_browser, metadata, monkeypatch, new_context, output_path, page, playwright, pytestconfig, record_property, record_testsuite_property, record_xml_attribute, recwarn, subtests, tmp_path, tmp_path_factory, tmpdir, tmpdir_factory, unused_tcp_port, unused_tcp_port_factory, unused_udp_port, unused_udp_port_factory&#10;&gt;       use 'pytest --fixtures [testpath]' for help on them.&#10;&#10;C:\Users\PERSONAL\Desktop\PlaywrightAutomation\sdet-playwright-submissions\sdet-playwright-submission\tests\test_posts.py:201&quot;">file C:\Users\PERSONAL\Desktop\PlaywrightAutomation\sdet-playwright-submissions\sdet-playwright-submission\tests\test_posts.py, line 201
      @pytest.mark.parametrize("user_id", [1, 5, 10])
      async def test_create_post_with_different_users(self, posts_api, user_id):
          response = await posts_api.create_post(
              title="Test Title",
              body="Test Body",
              user_id=user_id
          )

          assert_status_code(response, 201)

          data = await posts_api.get_json(response)
          assert_field_value(data, "userId", user_id)
E       fixture 'posts_api' not found
&gt;       available fixtures: _artifacts_recorder, _class_scoped_runner, _function_scoped_runner, _module_scoped_runner, _package_scoped_runner, _pw_artifacts_folder, _session_scoped_runner, _verify_url, base_url, browser, browser_channel, browser_context_args, browser_name, browser_type, browser_type_launch_args, cache, capfd, capfdbinary, caplog, capsys, capsysbinary, capteesys, connect_options, context, delete_output_dir, device, doctest_namespace, event_loop_policy, extra, extras, include_metadata_in_junit_xml, is_chromium, is_firefox, is_webkit, launch_browser, metadata, monkeypatch, new_context, output_path, page, playwright, pytestconfig, record_property, record_testsuite_property, record_xml_attribute, recwarn, subtests, tmp_path, tmp_path_factory, tmpdir, tmpdir_factory, unused_tcp_port, unused_tcp_port_factory, unused_udp_port, unused_udp_port_factory
&gt;       use 'pytest --fixtures [testpath]' for help on them.

C:\Users\PERSONAL\Desktop\PlaywrightAutomation\sdet-playwright-submissions\sdet-playwright-submission\tests\test_posts.py:201</error></testcase><testcase classname="tests.test_posts.TestCreatePost" name="test_create_post_with_empty_body" time="0.001"><error message="failed on setup with &quot;file C:\Users\PERSONAL\Desktop\PlaywrightAutomation\sdet-playwright-submissions\sdet-playwright-submission\tests\test_posts.py, line 214&#10;      @pytest.mark.negative&#10;      async def test_create_post_with_empty_body(self, posts_api):&#10;          response = await posts_api.create_post_with_payload({})&#10;&#10;          assert_status_code_in(response, [201, 400])&#10;E       fixture 'posts_api' not found&#10;&gt;       available fixtures: _artifacts_recorder, _class_scoped_runner, _function_scoped_runner, _module_scoped_runner, _package_scoped_runner, _pw_artifacts_folder, _session_scoped_runner, _verify_url, base_url, browser, browser_channel, browser_context_args, browser_name, browser_type, browser_type_launch_args, cache, capfd, capfdbinary, caplog, capsys, capsysbinary, capteesys, connect_options, context, delete_output_dir, device, doctest_namespace, event_loop_policy, extra, extras, include_metadata_in_junit_xml, is_chromium, is_firefox, is_webkit, launch_browser, metadata, monkeypatch, new_context, output_path, page, playwright, pytestconfig, record_property, record_testsuite_property, record_xml_attribute, recwarn, subtests, tmp_path, tmp_path_factory, tmpdir, tmpdir_factory, unused_tcp_port, unused_tcp_port_factory, unused_udp_port, unused_udp_port_factory&#10;&gt;       use 'pytest --fixtures [testpath]' for help on them.&#10;&#10;C:\Users\PERSONAL\Desktop\PlaywrightAutomation\sdet-playwright-submissions\sdet-playwright-submission\tests\test_posts.py:214&quot;">file C:\Users\PERSONAL\Desktop\PlaywrightAutomation\sdet-playwright-submissions\sdet-playwright-submission\tests\test_posts.py, line 214
      @pytest.mark.negative
      async def test_create_post_with_empty_body(self, posts_api):
          response = await posts_api.create_post_with_payload({})

          assert_status_code_in(response, [201, 400])
E       fixture 'posts_api' not found
&gt;       available fixtures: _artifacts_recorder, _class_scoped_runner, _function_scoped_runner, _module_scoped_runner, _package_scoped_runner, _pw_artifacts_folder, _session_scoped_runner, _verify_url, base_url, browser, browser_channel, browser_context_args, browser_name, browser_type, browser_type_launch_args, cache, capfd, capfdbinary, caplog, capsys, capsysbinary, capteesys, connect_options, context, delete_output_dir, device, doctest_namespace, event_loop_policy, extra, extras, include_metadata_in_junit_xml, is_chromium, is_firefox, is_webkit, launch_browser, metadata, monkeypatch, new_context, output_path, page, playwright, pytestconfig, record_property, record_testsuite_property, record_xml_attribute, recwarn, subtests, tmp_path, tmp_path_factory, tmpdir, tmpdir_factory, unused_tcp_port, unused_tcp_port_factory, unused_udp_port, unused_udp_port_factory
&gt;       use 'pytest --fixtures [testpath]' for help on them.

C:\Users\PERSONAL\Desktop\PlaywrightAutomation\sdet-playwright-submissions\sdet-playwright-submission\tests\test_posts.py:214</error></testcase><testcase classname="tests.test_posts.TestCreatePost" name="test_create_post_with_missing_fields[payload0]" time="0.001"><error message="failed on setup with &quot;file C:\Users\PERSONAL\Desktop\PlaywrightAutomation\sdet-playwright-submissions\sdet-playwright-submission\tests\test_posts.py, line 220&#10;      @pytest.mark.negative&#10;      @pytest.mark.parametrize(&quot;payload&quot;, [&#10;          {&quot;title&quot;: &quot;Only title&quot;},&#10;          {&quot;body&quot;: &quot;Only body&quot;},&#10;          {&quot;title&quot;: &quot;&quot;, &quot;body&quot;: &quot;Body&quot;, &quot;userId&quot;: 1},&#10;      ])&#10;      async def test_create_post_with_missing_fields(self, posts_api, payload):&#10;          response = await posts_api.create_post_with_payload(payload)&#10;&#10;          assert_status_code_in(response, [201, 400])&#10;E       fixture 'posts_api' not found&#10;&gt;       available fixtures: _artifacts_recorder, _class_scoped_runner, _function_scoped_runner, _module_scoped_runner, _package_scoped_runner, _pw_artifacts_folder, _session_scoped_runner, _verify_url, base_url, browser, browser_channel, browser_context_args, browser_name, browser_type, browser_type_launch_args, cache, capfd, capfdbinary, caplog, capsys, capsysbinary, capteesys, connect_options, context, delete_output_dir, device, doctest_namespace, event_loop_policy, extra, extras, include_metadata_in_junit_xml, is_chromium, is_firefox, is_webkit, launch_browser, metadata, monkeypatch, new_context, output_path, page, playwright, pytestconfig, record_property, record_testsuite_property, record_xml_attribute, recwarn, subtests, tmp_path, tmp_path_factory, tmpdir, tmpdir_factory, unused_tcp_port, unused_tcp_port_factory, unused_udp_port, unused_udp_port_factory&#10;&gt;       use 'pytest --fixtures [testpath]' for help on them.&#10;&#10;C:\Users\PERSONAL\Desktop\PlaywrightAutomation\sdet-playwright-submissions\sdet-playwright-submission\tests\test_posts.py:220&quot;">file C:\Users\PERSONAL\Desktop\PlaywrightAutomation\sdet-playwright-submissions\sdet-playwright-submission\tests\test_posts.py, line 220
      @pytest.mark.negative
      @pytest.mark.parametrize("payload", [
          {"title": "Only title"},
          {"body": "Only body"},
          {"title": "", "body": "Body", "userId": 1},
      ])
      async def test_create_post_with_missing_fields(self, posts_api, payload):
          response = await posts_api.create_post_with_payload(payload)

          assert_status_code_in(response, [201, 400])
E       fixture 'posts_api' not found
&gt;       available fixtures: _artifacts_recorder, _class_scoped_runner, _function_scoped_runner, _module_scoped_runner, _package_scoped_runner, _pw_artifacts_folder, _session_scoped_runner, _verify_url, base_url, browser, browser_channel, browser_context_args, browser_name, browser_type, browser_type_launch_args, cache, capfd, capfdbinary, caplog, capsys, capsysbinary, capteesys, connect_options, context, delete_output_dir, device, doctest_namespace, event_loop_policy, extra, extras, include_metadata_in_junit_xml, is_chromium, is_firefox, is_webkit, launch_browser, metadata, monkeypatch, new_context, output_path, page, playwright, pytestconfig, record_property, record_testsuite_property, record_xml_attribute, recwarn, subtests, tmp_path, tmp_path_factory, tmpdir, tmpdir_factory, unused_tcp_port, unused_tcp_port_factory, unused_udp_port, unused_udp_port_factory
&gt;       use 'pytest --fixtures [testpath]' for help on them.

C:\Users\PERSONAL\Desktop\PlaywrightAutomation\sdet-playwright-submissions\sdet-playwright-submission\tests\test_posts.py:220</error></testcase><testcase classname="tests.test_posts.TestCreatePost" name="test_create_post_with_missing_fields[payload1]" time="0.001"><error message="failed on setup with &quot;file C:\Users\PERSONAL\Desktop\PlaywrightAutomation\sdet-playwright-submissions\sdet-playwright-submission\tests\test_posts.py, line 220&#10;      @pytest.mark.negative&#10;      @pytest.mark.parametrize(&quot;payload&quot;, [&#10;          {&quot;title&quot;: &quot;Only title&quot;},&#10;          {&quot;body&quot;: &quot;Only body&quot;},&#10;          {&quot;title&quot;: &quot;&quot;, &quot;body&quot;: &quot;Body&quot;, &quot;userId&quot;: 1},&#10;      ])&#10;      async def test_create_post_with_missing_fields(self, posts_api, payload):&#10;          response = await posts_api.create_post_with_payload(payload)&#10;&#10;          assert_status_code_in(response, [201, 400])&#10;E       fixture 'posts_api' not found&#10;&gt;       available fixtures: _artifacts_recorder, _class_scoped_runner, _function_scoped_runner, _module_scoped_runner, _package_scoped_runner, _pw_artifacts_folder, _session_scoped_runner, _verify_url, base_url, browser, browser_channel, browser_context_args, browser_name, browser_type, browser_type_launch_args, cache, capfd, capfdbinary, caplog, capsys, capsysbinary, capteesys, connect_options, context, delete_output_dir, device, doctest_namespace, event_loop_policy, extra, extras, include_metadata_in_junit_xml, is_chromium, is_firefox, is_webkit, launch_browser, metadata, monkeypatch, new_context, output_path, page, playwright, pytestconfig, record_property, record_testsuite_property, record_xml_attribute, recwarn, subtests, tmp_path, tmp_path_factory, tmpdir, tmpdir_factory, unused_tcp_port, unused_tcp_port_factory, unused_udp_port, unused_udp_port_factory&#10;&gt;       use 'pytest --fixtures [testpath]' for help on them.&#10;&#10;C:\Users\PERSONAL\Desktop\PlaywrightAutomation\sdet-playwright-submissions\sdet-playwright-submission\tests\test_posts.py:220&quot;">file C:\Users\PERSONAL\Desktop\PlaywrightAutomation\sdet-playwright-submissions\sdet-playwright-submission\tests\test_posts.py, line 220
      @pytest.mark.negative
      @pytest.mark.parametrize("payload", [
          {"title": "Only title"},
          {"body": "Only body"},
[...]
      @pytest.mark.critical
      @pytest.mark.parametrize("user_id", [1, 5, 10])
      async def test_get_user_by_id_multiple_users(self, users_api, user_id):
          """Test GET /users/{id} for multiple valid users."""
          response = await users_api.get_user_by_id(user_id)
          assert_status_code(response, 200)

          data = await users_api.get_json(response)
          assert data.get("id") == user_id
E       fixture 'users_api' not found
&gt;       available fixtures: _artifacts_recorder, _class_scoped_runner, _function_scoped_runner, _module_scoped_runner, _package_scoped_runner, _pw_artifacts_folder, _session_scoped_runner, _verify_url, base_url, browser, browser_channel, browser_context_args, browser_name, browser_type, browser_type_launch_args, cache, capfd, capfdbinary, caplog, capsys, capsysbinary, capteesys, connect_options, context, delete_output_dir, device, doctest_namespace, event_loop_policy, extra, extras, include_metadata_in_junit_xml, is_chromium, is_firefox, is_webkit, launch_browser, metadata, monkeypatch, new_context, output_path, page, playwright, pytestconfig, record_property, record_testsuite_property, record_xml_attribute, recwarn, subtests, tmp_path, tmp_path_factory, tmpdir, tmpdir_factory, unused_tcp_port, unused_tcp_port_factory, unused_udp_port, unused_udp_port_factory
&gt;       use 'pytest --fixtures [testpath]' for help on them.

C:\Users\PERSONAL\Desktop\PlaywrightAutomation\sdet-playwright-submissions\sdet-playwright-submission\tests\test_users.py:128</error></testcase><testcase classname="tests.test_users.TestGetUserById" name="test_get_user_by_invalid_id_returns_404" time="0.001"><error message="failed on setup with &quot;file C:\Users\PERSONAL\Desktop\PlaywrightAutomation\sdet-playwright-submissions\sdet-playwright-submission\tests\test_users.py, line 138&#10;      @pytest.mark.negative&#10;      async def test_get_user_by_invalid_id_returns_404(self, users_api):&#10;          &quot;&quot;&quot;Test GET /users/{id} with invalid user ID returns 404.&quot;&quot;&quot;&#10;          response = await users_api.get_user_by_id(99999)&#10;          assert_status_code_in(response, [404, 400])&#10;E       fixture 'users_api' not found&#10;&gt;       available fixtures: _artifacts_recorder, _class_scoped_runner, _function_scoped_runner, _module_scoped_runner, _package_scoped_runner, _pw_artifacts_folder, _session_scoped_runner, _verify_url, base_url, browser, browser_channel, browser_context_args, browser_name, browser_type, browser_type_launch_args, cache, capfd, capfdbinary, caplog, capsys, capsysbinary, capteesys, connect_options, context, delete_output_dir, device, doctest_namespace, event_loop_policy, extra, extras, include_metadata_in_junit_xml, is_chromium, is_firefox, is_webkit, launch_browser, metadata, monkeypatch, new_context, output_path, page, playwright, pytestconfig, record_property, record_testsuite_property, record_xml_attribute, recwarn, subtests, tmp_path, tmp_path_factory, tmpdir, tmpdir_factory, unused_tcp_port, unused_tcp_port_factory, unused_udp_port, unused_udp_port_factory&#10;&gt;       use 'pytest --fixtures [testpath]' for help on them.&#10;&#10;C:\Users\PERSONAL\Desktop\PlaywrightAutomation\sdet-playwright-submissions\sdet-playwright-submission\tests\test_users.py:138&quot;">file C:\Users\PERSONAL\Desktop\PlaywrightAutomation\sdet-playwright-submissions\sdet-playwright-submission\tests\test_users.py, line 138
      @pytest.mark.negative
      async def test_get_user_by_invalid_id_returns_404(self, users_api):
          """Test GET /users/{id} with invalid user ID returns 404."""
          response = await users_api.get_user_by_id(99999)
          assert_status_code_in(response, [404, 400])
E       fixture 'users_api' not found
&gt;       available fixtures: _artifacts_recorder, _class_scoped_runner, _function_scoped_runner, _module_scoped_runner, _package_scoped_runner, _pw_artifacts_folder, _session_scoped_runner, _verify_url, base_url, browser, browser_channel, browser_context_args, browser_name, browser_type, browser_type_launch_args, cache, capfd, capfdbinary, caplog, capsys, capsysbinary, capteesys, connect_options, context, delete_output_dir, device, doctest_namespace, event_loop_policy, extra, extras, include_metadata_in_junit_xml, is_chromium, is_firefox, is_webkit, launch_browser, metadata, monkeypatch, new_context, output_path, page, playwright, pytestconfig, record_property, record_testsuite_property, record_xml_attribute, recwarn, subtests, tmp_path, tmp_path_factory, tmpdir, tmpdir_factory, unused_tcp_port, unused_tcp_port_factory, unused_udp_port, unused_udp_port_factory
&gt;       use 'pytest --fixtures [testpath]' for help on them.

C:\Users\PERSONAL\Desktop\PlaywrightAutomation\sdet-playwright-submissions\sdet-playwright-submission\tests\test_users.py:138</error></testcase><testcase classname="tests.test_users.TestGetUserById" name="test_get_user_by_id_invalid_formats[0]" time="0.001"><error message="failed on setup with &quot;file C:\Users\PERSONAL\Desktop\PlaywrightAutomation\sdet-playwright-submissions\sdet-playwright-submission\tests\test_users.py, line 144&#10;      @pytest.mark.negative&#10;      @pytest.mark.parametrize(&quot;user_id&quot;, [0, -1, &quot;abc&quot;])&#10;      async def test_get_user_by_id_invalid_formats(self, users_api, user_id):&#10;          &quot;&quot;&quot;Test GET /users/{id} with various invalid user ID formats.&quot;&quot;&quot;&#10;          response = await users_api.get_user_by_id(user_id)&#10;          assert response.status in [200, 400, 404]&#10;E       fixture 'users_api' not found&#10;&gt;       available fixtures: _artifacts_recorder, _class_scoped_runner, _function_scoped_runner, _module_scoped_runner, _package_scoped_runner, _pw_artifacts_folder, _session_scoped_runner, _verify_url, base_url, browser, browser_channel, browser_context_args, browser_name, browser_type, browser_type_launch_args, cache, capfd, capfdbinary, caplog, capsys, capsysbinary, capteesys, connect_options, context, delete_output_dir, device, doctest_namespace, event_loop_policy, extra, extras, include_metadata_in_junit_xml, is_chromium, is_firefox, is_webkit, launch_browser, metadata, monkeypatch, new_context, output_path, page, playwright, pytestconfig, record_property, record_testsuite_property, record_xml_attribute, recwarn, subtests, tmp_path, tmp_path_factory, tmpdir, tmpdir_factory, unused_tcp_port, unused_tcp_port_factory, unused_udp_port, unused_udp_port_factory&#10;&gt;       use 'pytest --fixtures [testpath]' for help on them.&#10;&#10;C:\Users\PERSONAL\Desktop\PlaywrightAutomation\sdet-playwright-submissions\sdet-playwright-submission\tests\test_users.py:144&quot;">file C:\Users\PERSONAL\Desktop\PlaywrightAutomation\sdet-playwright-submissions\sdet-playwright-submission\tests\test_users.py, line 144
      @pytest.mark.negative
      @pytest.mark.parametrize("user_id", [0, -1, "abc"])
      async def test_get_user_by_id_invalid_formats(self, users_api, user_id):
          """Test GET /users/{id} with various invalid user ID formats."""
          response = await users_api.get_user_by_id(user_id)
          assert response.status in [200, 400, 404]
E       fixture 'users_api' not found
&gt;       available fixtures: _artifacts_recorder, _class_scoped_runner, _function_scoped_runner, _module_scoped_runner, _package_scoped_runner, _pw_artifacts_folder, _session_scoped_runner, _verify_url, base_url, browser, browser_channel, browser_context_args, browser_name, browser_type, browser_type_launch_args, cache, capfd, capfdbinary, caplog, capsys, capsysbinary, capteesys, connect_options, context, delete_output_dir, device, doctest_namespace, event_loop_policy, extra, extras, include_metadata_in_junit_xml, is_chromium, is_firefox, is_webkit, launch_browser, metadata, monkeypatch, new_context, output_path, page, playwright, pytestconfig, record_property, record_testsuite_property, record_xml_attribute, recwarn, subtests, tmp_path, tmp_path_factory, tmpdir, tmpdir_factory, unused_tcp_port, unused_tcp_port_factory, unused_udp_port, unused_udp_port_factory
&gt;       use 'pytest --fixtures [testpath]' for help on them.

C:\Users\PERSONAL\Desktop\PlaywrightAutomation\sdet-playwright-submissions\sdet-playwright-submission\tests\test_users.py:144</error></testcase><testcase classname="tests.test_users.TestGetUserById" name="test_get_user_by_id_invalid_formats[-1]" time="0.000"><error message="failed on setup with &quot;file C:\Users\PERSONAL\Desktop\PlaywrightAutomation\sdet-playwright-submissions\sdet-playwright-submission\tests\test_users.py, line 144&#10;      @pytest.mark.negative&#10;      @pytest.mark.parametrize(&quot;user_id&quot;, [0, -1, &quot;abc&quot;])&#10;      async def test_get_user_by_id_invalid_formats(self, users_api, user_id):&#10;          &quot;&quot;&quot;Test GET /users/{id} with various invalid user ID formats.&quot;&quot;&quot;&#10;          response = await users_api.get_user_by_id(user_id)&#10;          assert response.status in [200, 400, 404]&#10;E       fixture 'users_api' not found&#10;&gt;       available fixtures: _artifacts_recorder, _class_scoped_runner, _function_scoped_runner, _module_scoped_runner, _package_scoped_runner, _pw_artifacts_folder, _session_scoped_runner, _verify_url, base_url, browser, browser_channel, browser_context_args, browser_name, browser_type, browser_type_launch_args, cache, capfd, capfdbinary, caplog, capsys, capsysbinary, capteesys, connect_options, context, delete_output_dir, device, doctest_namespace, event_loop_policy, extra, extras, include_metadata_in_junit_xml, is_chromium, is_firefox, is_webkit, launch_browser, metadata, monkeypatch, new_context, output_path, page, playwright, pytestconfig, record_property, record_testsuite_property, record_xml_attribute, recwarn, subtests, tmp_path, tmp_path_factory, tmpdir, tmpdir_factory, unused_tcp_port, unused_tcp_port_factory, unused_udp_port, unused_udp_port_factory&#10;&gt;       use 'pytest --fixtures [testpath]' for help on them.&#10;&#10;C:\Users\PERSONAL\Desktop\PlaywrightAutomation\sdet-playwright-submissions\sdet-playwright-submission\tests\test_users.py:144&quot;">file C:\Users\PERSONAL\Desktop\PlaywrightAutomation\sdet-playwright-submissions\sdet-playwright-submission\tests\test_users.py, line 144
      @pytest.mark.negative
      @pytest.mark.parametrize("user_id", [0, -1, "abc"])
      async def test_get_user_by_id_invalid_formats(self, users_api, user_id):
          """Test GET /users/{id} with various invalid user ID formats."""
          response = await users_api.get_user_by_id(user_id)
          assert response.status in [200, 400, 404]
E       fixture 'users_api' not found
&gt;       available fixtures: _artifacts_recorder, _class_scoped_runner, _function_scoped_runner, _module_scoped_runner, _package_scoped_runner, _pw_artifacts_folder, _session_scoped_runner, _verify_url, base_url, browser, browser_channel, browser_context_args, browser_name, browser_type, browser_type_launch_args, cache, capfd, capfdbinary, caplog, capsys, capsysbinary, capteesys, connect_options, context, delete_output_dir, device, doctest_namespace, event_loop_policy, extra, extras, include_metadata_in_junit_xml, is_chromium, is_firefox, is_webkit, launch_browser, metadata, monkeypatch, new_context, output_path, page, playwright, pytestconfig, record_property, record_testsuite_property, record_xml_attribute, recwarn, subtests, tmp_path, tmp_path_factory, tmpdir, tmpdir_factory, unused_tcp_port, unused_tcp_port_factory, unused_udp_port, unused_udp_port_factory
&gt;       use 'pytest --fixtures [testpath]' for help on them.

C:\Users\PERSONAL\Desktop\PlaywrightAutomation\sdet-playwright-submissions\sdet-playwright-submission\tests\test_users.py:144</error></testcase><testcase classname="tests.test_users.TestGetUserById" name="test_get_user_by_id_invalid_formats[abc]" time="0.000"><error message="failed on setup with &quot;file C:\Users\PERSONAL\Desktop\PlaywrightAutomation\sdet-playwright-submissions\sdet-playwright-submission\tests\test_users.py, line 144&#10;      @pytest.mark.negative&#10;      @pytest.mark.parametrize(&quot;user_id&quot;, [0, -1, &quot;abc&quot;])&#10;      async def test_get_user_by_id_invalid_formats(self, users_api, user_id):&#10;          &quot;&quot;&quot;Test GET /users/{id} with various invalid user ID formats.&quot;&quot;&quot;&#10;          response = await users_api.get_user_by_id(user_id)&#10;          assert response.status in [200, 400, 404]&#10;E       fixture 'users_api' not found&#10;&gt;       available fixtures: _artifacts_recorder, _class_scoped_runner, _function_scoped_runner, _module_scoped_runner, _package_scoped_runner, _pw_artifacts_folder, _session_scoped_runner, _verify_url, base_url, browser, browser_channel, browser_context_args, browser_name, browser_type, browser_type_launch_args, cache, capfd, capfdbinary, caplog, capsys, capsysbinary, capteesys, connect_options, context, delete_output_dir, device, doctest_namespace, event_loop_policy, extra, extras, include_metadata_in_junit_xml, is_chromium, is_firefox, is_webkit, launch_browser, metadata, monkeypatch, new_context, output_path, page, playwright, pytestconfig, record_property, record_testsuite_property, record_xml_attribute, recwarn, subtests, tmp_path, tmp_path_factory, tmpdir, tmpdir_factory, unused_tcp_port, unused_tcp_port_factory, unused_udp_port, unused_udp_port_factory&#10;&gt;       use 'pytest --fixtures [testpath]' for help on them.&#10;&#10;C:\Users\PERSONAL\Desktop\PlaywrightAutomation\sdet-playwright-submissions\sdet-playwright-submission\tests\test_users.py:144&quot;">file C:\Users\PERSONAL\Desktop\PlaywrightAutomation\sdet-playwright-submissions\sdet-playwright-submission\tests\test_users.py, line 144
      @pytest.mark.negative
      @pytest.mark.parametrize("user_id", [0, -1, "abc"])
      async def test_get_user_by_id_invalid_formats(self, users_api, user_id):
          """Test GET /users/{id} with various invalid user ID formats."""
          response = await users_api.get_user_by_id(user_id)
          assert response.status in [200, 400, 404]
E       fixture 'users_api' not found
&gt;       available fixtures: _artifacts_recorder, _class_scoped_runner, _function_scoped_runner, _module_scoped_runner, _package_scoped_runner, _pw_artifacts_folder, _session_scoped_runner, _verify_url, base_url, browser, browser_channel, browser_context_args, browser_name, browser_type, browser_type_launch_args, cache, capfd, capfdbinary, caplog, capsys, capsysbinary, capteesys, connect_options, context, delete_output_dir, device, doctest_namespace, event_loop_policy, extra, extras, include_metadata_in_junit_xml, is_chromium, is_firefox, is_webkit, launch_browser, metadata, monkeypatch, new_context, output_path, page, playwright, pytestconfig, record_property, record_testsuite_property, record_xml_attribute, recwarn, subtests, tmp_path, tmp_path_factory, tmpdir, tmpdir_factory, unused_tcp_port, unused_tcp_port_factory, unused_udp_port, unused_udp_port_factory
&gt;       use 'pytest --fixtures [testpath]' for help on them.

C:\Users\PERSONAL\Desktop\PlaywrightAutomation\sdet-playwright-submissions\sdet-playwright-submission\tests\test_users.py:144</error></testcase><testcase classname="tests.test_users.TestGetUserById" name="test_get_user_by_id_contains_required_fields" time="0.001"><error message="failed on setup with &quot;file C:\Users\PERSONAL\Desktop\PlaywrightAutomation\sdet-playwright-submissions\sdet-playwright-submission\tests\test_users.py, line 151&#10;      @pytest.mark.critical&#10;      async def test_get_user_by_id_contains_required_fields(self, users_api):&#10;          &quot;&quot;&quot;Test GET /users/{id} response contains all required fields.&quot;&quot;&quot;&#10;          response = await users_api.get_user_by_id(1)&#10;          assert_status_code(response, 200)&#10;&#10;          data = await users_api.get_json(response)&#10;          assert_response_field(data, &quot;id&quot;)&#10;          assert_response_field(data, &quot;name&quot;)&#10;          assert_response_field(data, &quot;username&quot;)&#10;          assert_response_field(data, &quot;email&quot;)&#10;          # Ensure non-null constraints&#10;          assert data[&quot;name&quot;] != &quot;&quot;, &quot;User name should not be empty&quot;&#10;          assert data[&quot;username&quot;] != &quot;&quot;, &quot;User username should not be empty&quot;&#10;E       fixture 'users_api' not found&#10;&gt;       available fixtures: _artifacts_recorder, _class_scoped_runner, _function_scoped_runner, _module_scoped_runner, _package_scoped_runner, _pw_artifacts_folder, _session_scoped_runner, _verify_url, base_url, browser, browser_channel, browser_context_args, browser_name, browser_type, browser_type_launch_args, cache, capfd, capfdbinary, caplog, capsys, capsysbinary, capteesys, connect_options, context, delete_output_dir, device, doctest_namespace, event_loop_policy, extra, extras, include_metadata_in_junit_xml, is_chromium, is_firefox, is_webkit, launch_browser, metadata, monkeypatch, new_context, output_path, page, playwright, pytestconfig, record_property, record_testsuite_property, record_xml_attribute, recwarn, subtests, tmp_path, tmp_path_factory, tmpdir, tmpdir_factory, unused_tcp_port, unused_tcp_port_factory, unused_udp_port, unused_udp_port_factory&#10;&gt;       use 'pytest --fixtures [testpath]' for help on them.&#10;&#10;C:\Users\PERSONAL\Desktop\PlaywrightAutomation\sdet-playwright-submissions\sdet-playwright-submission\tests\test_users.py:151&quot;">file C:\Users\PERSONAL\Desktop\PlaywrightAutomation\sdet-playwright-submissions\sdet-playwright-submission\tests\test_users.py, line 151
      @pytest.mark.critical
      async def test_get_user_by_id_contains_required_fields(self, users_api):
          """Test GET /users/{id} response contains all required fields."""
          response = await users_api.get_user_by_id(1)
          assert_status_code(response, 200)

          data = await users_api.get_json(response)
          assert_response_field(data, "id")
          assert_response_field(data, "name")
          assert_response_field(data, "username")
          assert_response_field(data, "email")
          # Ensure non-null constraints
          assert data["name"] != "", "User name should not be empty"
          assert data["username"] != "", "User username should not be empty"
E       fixture 'users_api' not found
&gt;       available fixtures: _artifacts_recorder, _class_scoped_runner, _function_scoped_runner, _module_scoped_runner, _package_scoped_runner, _pw_artifacts_folder, _session_scoped_runner, _verify_url, base_url, browser, browser_channel, browser_context_args, browser_name, browser_type, browser_type_launch_args, cache, capfd, capfdbinary, caplog, capsys, capsysbinary, capteesys, connect_options, context, delete_output_dir, device, doctest_namespace, event_loop_policy, extra, extras, include_metadata_in_junit_xml, is_chromium, is_firefox, is_webkit, launch_browser, metadata, monkeypatch, new_context, output_path, page, playwright, pytestconfig, record_property, record_testsuite_property, record_xml_attribute, recwarn, subtests, tmp_path, tmp_path_factory, tmpdir, tmpdir_factory, unused_tcp_port, unused_tcp_port_factory, unused_udp_port, unused_udp_port_factory
&gt;       use 'pytest --fixtures [testpath]' for help on them.

C:\Users\PERSONAL\Desktop\PlaywrightAutomation\sdet-playwright-submissions\sdet-playwright-submission\tests\test_users.py:151</error></testcase></testsuite></testsuites>