<?xml version="1.0" encoding="utf-8"?><testsuites name="pytest tests"><testsuite name="pytest" errors="0" failures="0" skipped="0" tests="82" time="114.362" timestamp="2026-05-14T18:54:49.987880+05:30" hostname="DESKTOP-R5T4C4P"><testcase classname="tests.test_posts.TestGetPosts" name="test_get_all_posts_returns_200" time="1.849" /><testcase classname="tests.test_posts.TestGetPosts" name="test_get_all_posts_response_time" time="1.258" /><testcase classname="tests.test_posts.TestGetPosts" name="test_get_post_by_valid_id_returns_200" time="1.175" /><testcase classname="tests.test_posts.TestGetPosts" name="test_get_post_by_valid_ids_parametrized[1]" time="1.178" /><testcase classname="tests.test_posts.TestGetPosts" name="test_get_post_by_valid_ids_parametrized[10]" time="1.194" /><testcase classname="tests.test_posts.TestGetPosts" name="test_get_post_by_valid_ids_parametrized[50]" time="1.125" /><testcase classname="tests.test_posts.TestGetPosts" name="test_get_post_by_valid_ids_parametrized[100]" time="1.371" /><testcase classname="tests.test_posts.TestGetPosts" name="test_get_post_by_invalid_id[0]" time="1.188" /><testcase classname="tests.test_posts.TestGetPosts" name="test_get_post_by_invalid_id[-1]" time="1.333" /><testcase classname="tests.test_posts.TestGetPosts" name="test_get_post_by_invalid_id[99999]" time="1.551" /><testcase classname="tests.test_posts.TestGetPosts" name="test_get_post_by_invalid_id[abc]" time="1.170" /><testcase classname="tests.test_posts.TestPostsPagination" name="test_get_posts_pagination" time="1.253" /><testcase classname="tests.test_posts.TestPostsPagination" name="test_pagination_total_count_header" time="1.505" /><testcase classname="tests.test_posts.TestPostsPagination" name="test_pagination_out_of_range" time="1.452" /><testcase classname="tests.test_posts.TestCreatePost" name="test_create_post_with_valid_payload_returns_201" time="2.045" /><testcase classname="tests.test_posts.TestCreatePost" name="test_create_post_with_different_users[1]" time="1.968" /><testcase classname="tests.test_posts.TestCreatePost" name="test_create_post_with_different_users[5]" time="1.622" /><testcase classname="tests.test_posts.TestCreatePost" name="test_create_post_with_different_users[10]" time="1.431" /><testcase classname="tests.test_posts.TestCreatePost" name="test_create_post_with_empty_body" time="1.312" /><testcase classname="tests.test_posts.TestCreatePost" name="test_create_post_with_missing_fields[payload0]" time="2.320" /><testcase classname="tests.test_posts.TestCreatePost" name="test_create_post_with_missing_fields[payload1]" time="1.581" /><testcase classname="tests.test_posts.TestCreatePost" name="test_create_post_with_missing_fields[payload2]" time="1.430" /><testcase classname="tests.test_posts.TestCreatePost" name="test_create_post_with_empty_title_returns_400" time="1.437" /><testcase classname="tests.test_posts.TestCreatePost" name="test_create_post_with_empty_body_returns_400" time="1.515" /><testcase classname="tests.test_posts.TestCreatePost" name="test_create_post_with_invalid_payloads_fixture" time="2.322" /><testcase classname="tests.test_posts.TestCreatePost" name="test_create_post_with_invalid_user_id_returns_400" time="1.470" /><testcase classname="tests.test_posts.TestUpdatePost" name="test_put_full_update_post_returns_200" time="1.969" /><testcase classname="tests.test_posts.TestUpdatePost" name="test_put_update_multiple_posts[1]" time="1.456" /><testcase classname="tests.test_posts.TestUpdatePost" name="test_put_update_multiple_posts[10]" time="2.119" /><testcase classname="tests.test_posts.TestUpdatePost" name="test_put_update_multiple_posts[50]" time="1.918" /><testcase classname="tests.test_posts.TestUpdatePost" name="test_patch_partial_update_post_returns_200" time="1.352" /><testcase classname="tests.test_posts.TestUpdatePost" name="test_patch_update_nonexistent_post" time="1.419" /><testcase classname="tests.test_posts.TestUpdatePost" name="test_put_update_with_invalid_id_returns_400_or_404" time="1.921" /><testcase classname="tests.test_posts.TestUpdatePost" name="test_put_update_with_empty_title_returns_400" time="1.465" /><testcase classname="tests.test_posts.TestUpdatePost" name="test_put_update_with_empty_body_returns_400" time="1.423" /><testcase classname="tests.test_posts.TestUpdatePost" name="test_put_update_with_invalid_payloads_returns_400[invalid_payload0]" time="1.421" /><testcase classname="tests.test_posts.TestUpdatePost" name="test_put_update_with_invalid_payloads_returns_400[invalid_payload1]" time="1.428" /><testcase classname="tests.test_posts.TestUpdatePost" name="test_put_update_with_invalid_payloads_returns_400[invalid_payload2]" time="1.357" /><testcase classname="tests.test_posts.TestDeletePost" name="test_delete_post_returns_200_or_204" time="1.546" /><testcase classname="tests.test_posts.TestDeletePost" name="test_delete_post_returns_204_status" time="2.319" /><testcase classname="tests.test_posts.TestDeletePost" name="test_delete_multiple_posts[1]" time="1.353" /><testcase classname="tests.test_posts.TestDeletePost" name="test_delete_multiple_posts[10]" time="1.415" /><testcase classname="tests.test_posts.TestDeletePost" name="test_delete_multiple_posts[50]" time="1.844" /><testcase classname="tests.test_posts.TestDeletePost" name="test_delete_nonexistent_post" time="1.328" /><testcase classname="tests.test_posts.TestChainedRequests" name="test_create_retrieve_delete_post_workflow" time="1.584" /><testcase classname="tests.test_posts.TestChainedRequests" name="test_create_update_retrieve_delete_workflow" time="2.374" /><testcase classname="tests.test_posts.TestConcurrentRequests" name="test_parallel_get_requests" time="1.158" /><testcase classname="tests.test_posts.TestPerformance" name="test_get_all_posts_performance" time="1.037" /><testcase classname="tests.test_posts.TestPerformance" name="test_get_post_by_id_performance" time="1.014" /><testcase classname="tests.test_posts.TestResponseHeaders" name="test_get_posts_has_content_type_header" time="1.008" /><testcase classname="tests.test_posts.TestResponseHeaders" name="test_get_post_by_id_has_content_type_header" time="1.057" /><testcase classname="tests.test_posts.TestResponseHeaders" name="test_post_create_has_content_type_header" time="1.384" /><testcase classname="tests.test_posts.TestResponseHeaders" name="test_put_update_has_content_type_header" time="1.328" /><testcase classname="tests.test_posts.TestResponseHeaders" name="test_patch_update_has_content_type_header" time="1.239" /><testcase classname="tests.test_posts.TestResponseHeaders" name="test_delete_post_response_headers" time="1.238" /><testcase classname="tests.test_security.TestSecurity" name="test_sql_injection_payload_does_not_leak_server_errors" time="1.328" /><testcase classname="tests.test_security.TestSecurity" name="test_xss_payload_does_not_leak_server_errors" time="1.224" /><testcase classname="tests.test_security.TestSecurity" name="test_cors_header_present_on_get" time="1.038" /><testcase classname="tests.test_security.TestSecurity" name="test_no_x_powered_by_header_exposed" time="1.013" /><testcase classname="tests.test_users.TestUserPosts" name="test_get_user_posts_returns_200" time="1.048" /><testcase classname="tests.test_users.TestUserPosts" name="test_get_user_posts_multiple_users[1]" time="1.100" /><testcase classname="tests.test_users.TestUserPosts" name="test_get_user_posts_multiple_users[2]" time="1.047" /><testcase classname="tests.test_users.TestUserPosts" name="test_get_user_posts_multiple_users[5]" time="1.077" /><testcase classname="tests.test_users.TestUserPosts" name="test_get_user_posts_multiple_users[10]" time="1.111" /><testcase classname="tests.test_users.TestUserPosts" name="test_get_user_posts_invalid_user" time="1.113" /><testcase classname="tests.test_users.TestUserPosts" name="test_get_user_posts_with_invalid_ids[0]" time="1.228" /><testcase classname="tests.test_users.TestUserPosts" name="test_get_user_posts_with_invalid_ids[-1]" time="1.240" /><testcase classname="tests.test_users.TestUserPosts" name="test_get_user_posts_with_invalid_ids[abc]" time="1.251" /><testcase classname="tests.test_users.TestUserPosts" name="test_user_posts_contain_required_fields" time="1.102" /><testcase classname="tests.test_users.TestUserPostsNegative" name="test_get_user_posts_with_special_characters" time="1.037" /><testcase classname="tests.test_users.TestUserPostsNegative" name="test_get_user_posts_with_float_id" time="1.091" /><testcase classname="tests.test_users.TestUserPostsNegative" name="test_get_user_posts_boundary_values" time="1.227" /><testcase classname="tests.test_users.TestGetUserById" name="test_get_user_by_id_returns_200" time="1.234" /><testcase classname="tests.test_users.TestGetUserById" name="test_get_user_by_id_validates_schema" time="1.096" /><testcase classname="tests.test_users.TestGetUserById" name="test_get_user_by_id_multiple_users[1]" time="1.046" /><testcase classname="tests.test_users.TestGetUserById" name="test_get_user_by_id_multiple_users[5]" time="1.040" /><testcase classname="tests.test_users.TestGetUserById" name="test_get_user_by_id_multiple_users[10]" time="1.448" /><testcase classname="tests.test_users.TestGetUserById" name="test_get_user_by_invalid_id_returns_404" time="1.341" /><testcase classname="tests.test_users.TestGetUserById" name="test_get_user_by_id_invalid_formats[0]" time="1.170" /><testcase classname="tests.test_users.TestGetUserById" name="test_get_user_by_id_invalid_formats[-1]" time="1.015" /><testcase classname="tests.test_users.TestGetUserById" name="test_get_user_by_id_invalid_formats[abc]" time="1.032" /><testcase classname="tests.test_users.TestGetUserById" name="test_get_user_by_id_contains_required_fields" time="1.071" /></testsuite></testsuites>