<?xml version="1.0" encoding="utf-8"?><testsuites name="pytest tests"><testsuite name="pytest" errors="0" failures="0" skipped="0" tests="82" time="105.510" timestamp="2026-05-14T18:57:17.049011+05:30" hostname="DESKTOP-R5T4C4P"><testcase classname="tests.test_posts.TestGetPosts" name="test_get_all_posts_returns_200" time="1.393" /><testcase classname="tests.test_posts.TestGetPosts" name="test_get_all_posts_response_time" time="1.160" /><testcase classname="tests.test_posts.TestGetPosts" name="test_get_post_by_valid_id_returns_200" time="1.120" /><testcase classname="tests.test_posts.TestGetPosts" name="test_get_post_by_valid_ids_parametrized[1]" time="1.048" /><testcase classname="tests.test_posts.TestGetPosts" name="test_get_post_by_valid_ids_parametrized[10]" time="1.049" /><testcase classname="tests.test_posts.TestGetPosts" name="test_get_post_by_valid_ids_parametrized[50]" time="1.060" /><testcase classname="tests.test_posts.TestGetPosts" name="test_get_post_by_valid_ids_parametrized[100]" time="1.102" /><testcase classname="tests.test_posts.TestGetPosts" name="test_get_post_by_invalid_id[0]" time="1.045" /><testcase classname="tests.test_posts.TestGetPosts" name="test_get_post_by_invalid_id[-1]" time="1.035" /><testcase classname="tests.test_posts.TestGetPosts" name="test_get_post_by_invalid_id[99999]" time="1.090" /><testcase classname="tests.test_posts.TestGetPosts" name="test_get_post_by_invalid_id[abc]" time="1.027" /><testcase classname="tests.test_posts.TestPostsPagination" name="test_get_posts_pagination" time="1.030" /><testcase classname="tests.test_posts.TestPostsPagination" name="test_pagination_total_count_header" time="1.118" /><testcase classname="tests.test_posts.TestPostsPagination" name="test_pagination_out_of_range" time="1.039" /><testcase classname="tests.test_posts.TestCreatePost" name="test_create_post_with_valid_payload_returns_201" time="1.734" /><testcase classname="tests.test_posts.TestCreatePost" name="test_create_post_with_different_users[1]" time="1.338" /><testcase classname="tests.test_posts.TestCreatePost" name="test_create_post_with_different_users[5]" time="1.836" /><testcase classname="tests.test_posts.TestCreatePost" name="test_create_post_with_different_users[10]" time="1.346" /><testcase classname="tests.test_posts.TestCreatePost" name="test_create_post_with_empty_body" time="1.310" /><testcase classname="tests.test_posts.TestCreatePost" name="test_create_post_with_missing_fields[payload0]" time="1.314" /><testcase classname="tests.test_posts.TestCreatePost" name="test_create_post_with_missing_fields[payload1]" time="1.456" /><testcase classname="tests.test_posts.TestCreatePost" name="test_create_post_with_missing_fields[payload2]" time="1.305" /><testcase classname="tests.test_posts.TestCreatePost" name="test_create_post_with_empty_title_returns_400" time="1.341" /><testcase classname="tests.test_posts.TestCreatePost" name="test_create_post_with_empty_body_returns_400" time="1.542" /><testcase classname="tests.test_posts.TestCreatePost" name="test_create_post_with_invalid_payloads_fixture" time="2.221" /><testcase classname="tests.test_posts.TestCreatePost" name="test_create_post_with_invalid_user_id_returns_400" time="1.347" /><testcase classname="tests.test_posts.TestUpdatePost" name="test_put_full_update_post_returns_200" time="1.847" /><testcase classname="tests.test_posts.TestUpdatePost" name="test_put_update_multiple_posts[1]" time="1.332" /><testcase classname="tests.test_posts.TestUpdatePost" name="test_put_update_multiple_posts[10]" time="1.824" /><testcase classname="tests.test_posts.TestUpdatePost" name="test_put_update_multiple_posts[50]" time="1.859" /><testcase classname="tests.test_posts.TestUpdatePost" name="test_patch_partial_update_post_returns_200" time="1.335" /><testcase classname="tests.test_posts.TestUpdatePost" name="test_patch_update_nonexistent_post" time="1.514" /><testcase classname="tests.test_posts.TestUpdatePost" name="test_put_update_with_invalid_id_returns_400_or_404" time="1.835" /><testcase classname="tests.test_posts.TestUpdatePost" name="test_put_update_with_empty_title_returns_400" time="1.342" /><testcase classname="tests.test_posts.TestUpdatePost" name="test_put_update_with_empty_body_returns_400" time="1.334" /><testcase classname="tests.test_posts.TestUpdatePost" name="test_put_update_with_invalid_payloads_returns_400[invalid_payload0]" time="1.323" /><testcase classname="tests.test_posts.TestUpdatePost" name="test_put_update_with_invalid_payloads_returns_400[invalid_payload1]" time="1.244" /><testcase classname="tests.test_posts.TestUpdatePost" name="test_put_update_with_invalid_payloads_returns_400[invalid_payload2]" time="1.293" /><testcase classname="tests.test_posts.TestDeletePost" name="test_delete_post_returns_200_or_204" time="1.341" /><testcase classname="tests.test_posts.TestDeletePost" name="test_delete_post_returns_204_status" time="1.318" /><testcase classname="tests.test_posts.TestDeletePost" name="test_delete_multiple_posts[1]" time="1.336" /><testcase classname="tests.test_posts.TestDeletePost" name="test_delete_multiple_posts[10]" time="1.340" /><testcase classname="tests.test_posts.TestDeletePost" name="test_delete_multiple_posts[50]" time="1.265" /><testcase classname="tests.test_posts.TestDeletePost" name="test_delete_nonexistent_post" time="1.279" /><testcase classname="tests.test_posts.TestChainedRequests" name="test_create_retrieve_delete_post_workflow" time="1.726" /><testcase classname="tests.test_posts.TestChainedRequests" name="test_create_update_retrieve_delete_workflow" time="2.586" /><testcase classname="tests.test_posts.TestConcurrentRequests" name="test_parallel_get_requests" time="1.151" /><testcase classname="tests.test_posts.TestPerformance" name="test_get_all_posts_performance" time="1.110" /><testcase classname="tests.test_posts.TestPerformance" name="test_get_post_by_id_performance" time="1.041" /><testcase classname="tests.test_posts.TestResponseHeaders" name="test_get_posts_has_content_type_header" time="1.027" /><testcase classname="tests.test_posts.TestResponseHeaders" name="test_get_post_by_id_has_content_type_header" time="1.001" /><testcase classname="tests.test_posts.TestResponseHeaders" name="test_post_create_has_content_type_header" time="1.310" /><testcase classname="tests.test_posts.TestResponseHeaders" name="test_put_update_has_content_type_header" time="1.310" /><testcase classname="tests.test_posts.TestResponseHeaders" name="test_patch_update_has_content_type_header" time="1.486" /><testcase classname="tests.test_posts.TestResponseHeaders" name="test_delete_post_response_headers" time="1.374" /><testcase classname="tests.test_security.TestSecurity" name="test_sql_injection_payload_does_not_leak_server_errors" time="1.350" /><testcase classname="tests.test_security.TestSecurity" name="test_xss_payload_does_not_leak_server_errors" time="1.542" /><testcase classname="tests.test_security.TestSecurity" name="test_cors_header_present_on_get" time="1.267" /><testcase classname="tests.test_security.TestSecurity" name="test_no_x_powered_by_header_exposed" time="1.069" /><testcase classname="tests.test_users.TestUserPosts" name="test_get_user_posts_returns_200" time="1.146" /><testcase classname="tests.test_users.TestUserPosts" name="test_get_user_posts_multiple_users[1]" time="1.037" /><testcase classname="tests.test_users.TestUserPosts" name="test_get_user_posts_multiple_users[2]" time="1.037" /><testcase classname="tests.test_users.TestUserPosts" name="test_get_user_posts_multiple_users[5]" time="1.437" /><testcase classname="tests.test_users.TestUserPosts" name="test_get_user_posts_multiple_users[10]" time="1.049" /><testcase classname="tests.test_users.TestUserPosts" name="test_get_user_posts_invalid_user" time="1.039" /><testcase classname="tests.test_users.TestUserPosts" name="test_get_user_posts_with_invalid_ids[0]" time="1.008" /><testcase classname="tests.test_users.TestUserPosts" name="test_get_user_posts_with_invalid_ids[-1]" time="1.027" /><testcase classname="tests.test_users.TestUserPosts" name="test_get_user_posts_with_invalid_ids[abc]" time="1.053" /><testcase classname="tests.test_users.TestUserPosts" name="test_user_posts_contain_required_fields" time="1.111" /><testcase classname="tests.test_users.TestUserPostsNegative" name="test_get_user_posts_with_special_characters" time="1.043" /><testcase classname="tests.test_users.TestUserPostsNegative" name="test_get_user_posts_with_float_id" time="1.006" /><testcase classname="tests.test_users.TestUserPostsNegative" name="test_get_user_posts_boundary_values" time="1.403" /><testcase classname="tests.test_users.TestGetUserById" name="test_get_user_by_id_returns_200" time="1.076" /><testcase classname="tests.test_users.TestGetUserById" name="test_get_user_by_id_validates_schema" time="1.145" /><testcase classname="tests.test_users.TestGetUserById" name="test_get_user_by_id_multiple_users[1]" time="1.068" /><testcase classname="tests.test_users.TestGetUserById" name="test_get_user_by_id_multiple_users[5]" time="1.025" /><testcase classname="tests.test_users.TestGetUserById" name="test_get_user_by_id_multiple_users[10]" time="1.068" /><testcase classname="tests.test_users.TestGetUserById" name="test_get_user_by_invalid_id_returns_404" time="1.006" /><testcase classname="tests.test_users.TestGetUserById" name="test_get_user_by_id_invalid_formats[0]" time="1.003" /><testcase classname="tests.test_users.TestGetUserById" name="test_get_user_by_id_invalid_formats[-1]" time="1.044" /><testcase classname="tests.test_users.TestGetUserById" name="test_get_user_by_id_invalid_formats[abc]" time="1.032" /><testcase classname="tests.test_users.TestGetUserById" name="test_get_user_by_id_contains_required_fields" time="1.130" /></testsuite></testsuites>