<?xml version="1.0" encoding="utf-8"?><testsuites name="pytest tests"><testsuite name="pytest" errors="0" failures="0" skipped="0" tests="82" time="94.951" timestamp="2026-05-14T17:45:54.128521+05:30" hostname="DESKTOP-R5T4C4P"><testcase classname="tests.test_posts.TestGetPosts" name="test_get_all_posts_returns_200" time="1.393" /><testcase classname="tests.test_posts.TestGetPosts" name="test_get_all_posts_response_time" time="1.063" /><testcase classname="tests.test_posts.TestGetPosts" name="test_get_post_by_valid_id_returns_200" time="0.950" /><testcase classname="tests.test_posts.TestGetPosts" name="test_get_post_by_valid_ids_parametrized[1]" time="0.960" /><testcase classname="tests.test_posts.TestGetPosts" name="test_get_post_by_valid_ids_parametrized[10]" time="0.943" /><testcase classname="tests.test_posts.TestGetPosts" name="test_get_post_by_valid_ids_parametrized[50]" time="0.991" /><testcase classname="tests.test_posts.TestGetPosts" name="test_get_post_by_valid_ids_parametrized[100]" time="0.933" /><testcase classname="tests.test_posts.TestGetPosts" name="test_get_post_by_invalid_id[0]" time="1.014" /><testcase classname="tests.test_posts.TestGetPosts" name="test_get_post_by_invalid_id[-1]" time="0.911" /><testcase classname="tests.test_posts.TestGetPosts" name="test_get_post_by_invalid_id[99999]" time="0.905" /><testcase classname="tests.test_posts.TestGetPosts" name="test_get_post_by_invalid_id[abc]" time="0.947" /><testcase classname="tests.test_posts.TestPostsPagination" name="test_get_posts_pagination" time="1.038" /><testcase classname="tests.test_posts.TestPostsPagination" name="test_pagination_total_count_header" time="0.940" /><testcase classname="tests.test_posts.TestPostsPagination" name="test_pagination_out_of_range" time="0.964" /><testcase classname="tests.test_posts.TestConcurrentRequests" name="test_parallel_get_requests" time="1.017" /><testcase classname="tests.test_posts.TestCreatePost" name="test_create_post_with_valid_payload_returns_201" time="1.648" /><testcase classname="tests.test_posts.TestCreatePost" name="test_create_post_with_different_users[1]" time="1.148" /><testcase classname="tests.test_posts.TestCreatePost" name="test_create_post_with_different_users[5]" time="1.128" /><testcase classname="tests.test_posts.TestCreatePost" name="test_create_post_with_different_users[10]" time="1.119" /><testcase classname="tests.test_posts.TestCreatePost" name="test_create_post_with_empty_body" time="1.217" /><testcase classname="tests.test_posts.TestCreatePost" name="test_create_post_with_missing_fields[payload0]" time="1.112" /><testcase classname="tests.test_posts.TestCreatePost" name="test_create_post_with_missing_fields[payload1]" time="1.124" /><testcase classname="tests.test_posts.TestCreatePost" name="test_create_post_with_missing_fields[payload2]" time="1.229" /><testcase classname="tests.test_posts.TestCreatePost" name="test_create_post_with_empty_title_returns_400" time="1.129" /><testcase classname="tests.test_posts.TestCreatePost" name="test_create_post_with_empty_body_returns_400" time="1.132" /><testcase classname="tests.test_posts.TestCreatePost" name="test_create_post_with_invalid_payloads_fixture" time="2.029" /><testcase classname="tests.test_posts.TestCreatePost" name="test_create_post_with_invalid_user_id_returns_400" time="1.234" /><testcase classname="tests.test_posts.TestUpdatePost" name="test_put_full_update_post_returns_200" time="1.650" /><testcase classname="tests.test_posts.TestUpdatePost" name="test_put_update_multiple_posts[1]" time="1.226" /><testcase classname="tests.test_posts.TestUpdatePost" name="test_put_update_multiple_posts[10]" time="1.626" /><testcase classname="tests.test_posts.TestUpdatePost" name="test_put_update_multiple_posts[50]" time="1.719" /><testcase classname="tests.test_posts.TestUpdatePost" name="test_patch_partial_update_post_returns_200" time="1.242" /><testcase classname="tests.test_posts.TestUpdatePost" name="test_patch_update_nonexistent_post" time="1.232" /><testcase classname="tests.test_posts.TestUpdatePost" name="test_put_update_with_invalid_id_returns_400_or_404" time="1.624" /><testcase classname="tests.test_posts.TestUpdatePost" name="test_put_update_with_empty_title_returns_400" time="1.349" /><testcase classname="tests.test_posts.TestUpdatePost" name="test_put_update_with_empty_body_returns_400" time="1.426" /><testcase classname="tests.test_posts.TestUpdatePost" name="test_put_update_with_invalid_payloads_returns_400[invalid_payload0]" time="1.446" /><testcase classname="tests.test_posts.TestUpdatePost" name="test_put_update_with_invalid_payloads_returns_400[invalid_payload1]" time="1.264" /><testcase classname="tests.test_posts.TestUpdatePost" name="test_put_update_with_invalid_payloads_returns_400[invalid_payload2]" time="1.236" /><testcase classname="tests.test_posts.TestDeletePost" name="test_delete_post_returns_200_or_204" time="1.461" /><testcase classname="tests.test_posts.TestDeletePost" name="test_delete_post_returns_204_status" time="1.118" /><testcase classname="tests.test_posts.TestDeletePost" name="test_delete_multiple_posts[1]" time="1.218" /><testcase classname="tests.test_posts.TestDeletePost" name="test_delete_multiple_posts[10]" time="1.133" /><testcase classname="tests.test_posts.TestDeletePost" name="test_delete_multiple_posts[50]" time="1.126" /><testcase classname="tests.test_posts.TestDeletePost" name="test_delete_nonexistent_post" time="1.221" /><testcase classname="tests.test_posts.TestChainedRequests" name="test_create_retrieve_delete_post_workflow" time="1.744" /><testcase classname="tests.test_posts.TestChainedRequests" name="test_create_update_retrieve_delete_workflow" time="2.243" /><testcase classname="tests.test_posts.TestPerformance" name="test_get_all_posts_performance" time="0.886" /><testcase classname="tests.test_posts.TestPerformance" name="test_get_post_by_id_performance" time="0.972" /><testcase classname="tests.test_posts.TestResponseHeaders" name="test_get_posts_has_content_type_header" time="0.901" /><testcase classname="tests.test_posts.TestResponseHeaders" name="test_get_post_by_id_has_content_type_header" time="0.931" /><testcase classname="tests.test_posts.TestResponseHeaders" name="test_post_create_has_content_type_header" time="1.115" /><testcase classname="tests.test_posts.TestResponseHeaders" name="test_put_update_has_content_type_header" time="1.156" /><testcase classname="tests.test_posts.TestResponseHeaders" name="test_patch_update_has_content_type_header" time="1.303" /><testcase classname="tests.test_posts.TestResponseHeaders" name="test_delete_post_response_headers" time="1.121" /><testcase classname="tests.test_security.TestSecurity" name="test_sql_injection_payload_does_not_leak_server_errors" time="1.185" /><testcase classname="tests.test_security.TestSecurity" name="test_xss_payload_does_not_leak_server_errors" time="1.182" /><testcase classname="tests.test_security.TestSecurity" name="test_cors_header_present_on_get" time="0.908" /><testcase classname="tests.test_security.TestSecurity" name="test_no_x_powered_by_header_exposed" time="1.039" /><testcase classname="tests.test_users.TestUserPosts" name="test_get_user_posts_returns_200" time="1.012" /><testcase classname="tests.test_users.TestUserPosts" name="test_get_user_posts_multiple_users[1]" time="0.917" /><testcase classname="tests.test_users.TestUserPosts" name="test_get_user_posts_multiple_users[2]" time="0.935" /><testcase classname="tests.test_users.TestUserPosts" name="test_get_user_posts_multiple_users[5]" time="0.944" /><testcase classname="tests.test_users.TestUserPosts" name="test_get_user_posts_multiple_users[10]" time="0.950" /><testcase classname="tests.test_users.TestUserPosts" name="test_get_user_posts_invalid_user" time="1.039" /><testcase classname="tests.test_users.TestUserPosts" name="test_get_user_posts_with_invalid_ids[0]" time="0.824" /><testcase classname="tests.test_users.TestUserPosts" name="test_get_user_posts_with_invalid_ids[-1]" time="0.917" /><testcase classname="tests.test_users.TestUserPosts" name="test_get_user_posts_with_invalid_ids[abc]" time="1.022" /><testcase classname="tests.test_users.TestUserPosts" name="test_user_posts_contain_required_fields" time="1.024" /><testcase classname="tests.test_users.TestUserPostsNegative" name="test_get_user_posts_with_special_characters" time="1.026" /><testcase classname="tests.test_users.TestUserPostsNegative" name="test_get_user_posts_with_float_id" time="0.997" /><testcase classname="tests.test_users.TestUserPostsNegative" name="test_get_user_posts_boundary_values" time="1.079" /><testcase classname="tests.test_users.TestGetUserById" name="test_get_user_by_id_returns_200" time="0.957" /><testcase classname="tests.test_users.TestGetUserById" name="test_get_user_by_id_validates_schema" time="0.983" /><testcase classname="tests.test_users.TestGetUserById" name="test_get_user_by_id_multiple_users[1]" time="0.863" /><testcase classname="tests.test_users.TestGetUserById" name="test_get_user_by_id_multiple_users[5]" time="0.903" /><testcase classname="tests.test_users.TestGetUserById" name="test_get_user_by_id_multiple_users[10]" time="0.904" /><testcase classname="tests.test_users.TestGetUserById" name="test_get_user_by_invalid_id_returns_404" time="0.935" /><testcase classname="tests.test_users.TestGetUserById" name="test_get_user_by_id_invalid_formats[0]" time="0.869" /><testcase classname="tests.test_users.TestGetUserById" name="test_get_user_by_id_invalid_formats[-1]" time="0.904" /><testcase classname="tests.test_users.TestGetUserById" name="test_get_user_by_id_invalid_formats[abc]" time="1.779" /><testcase classname="tests.test_users.TestGetUserById" name="test_get_user_by_id_contains_required_fields" time="1.089" /></testsuite></testsuites>