<?xml version="1.0" encoding="utf-8"?><testsuites name="pytest tests"><testsuite name="pytest" errors="0" failures="0" skipped="0" tests="82" time="65.686" timestamp="2026-05-14T16:52:54.966118+05:30" hostname="DESKTOP-R5T4C4P"><testcase classname="tests.test_posts.TestGetPosts" name="test_get_all_posts_returns_200" time="0.590" /><testcase classname="tests.test_posts.TestGetPosts" name="test_get_all_posts_response_time" time="0.570" /><testcase classname="tests.test_posts.TestGetPosts" name="test_get_post_by_valid_id_returns_200" time="0.545" /><testcase classname="tests.test_posts.TestGetPosts" name="test_get_post_by_valid_ids_parametrized[1]" time="0.620" /><testcase classname="tests.test_posts.TestGetPosts" name="test_get_post_by_valid_ids_parametrized[10]" time="0.596" /><testcase classname="tests.test_posts.TestGetPosts" name="test_get_post_by_valid_ids_parametrized[50]" time="0.568" /><testcase classname="tests.test_posts.TestGetPosts" name="test_get_post_by_valid_ids_parametrized[100]" time="0.598" /><testcase classname="tests.test_posts.TestGetPosts" name="test_get_post_by_invalid_id[0]" time="0.516" /><testcase classname="tests.test_posts.TestGetPosts" name="test_get_post_by_invalid_id[-1]" time="0.507" /><testcase classname="tests.test_posts.TestGetPosts" name="test_get_post_by_invalid_id[99999]" time="0.656" /><testcase classname="tests.test_posts.TestGetPosts" name="test_get_post_by_invalid_id[abc]" time="0.588" /><testcase classname="tests.test_posts.TestPostsPagination" name="test_get_posts_pagination" time="0.600" /><testcase classname="tests.test_posts.TestPostsPagination" name="test_pagination_total_count_header" time="0.545" /><testcase classname="tests.test_posts.TestPostsPagination" name="test_pagination_out_of_range" time="0.580" /><testcase classname="tests.test_posts.TestConcurrentRequests" name="test_parallel_get_requests" time="0.674" /><testcase classname="tests.test_posts.TestCreatePost" name="test_create_post_with_valid_payload_returns_201" time="1.329" /><testcase classname="tests.test_posts.TestCreatePost" name="test_create_post_with_different_users[1]" time="0.981" /><testcase classname="tests.test_posts.TestCreatePost" name="test_create_post_with_different_users[5]" time="0.851" /><testcase classname="tests.test_posts.TestCreatePost" name="test_create_post_with_different_users[10]" time="0.846" /><testcase classname="tests.test_posts.TestCreatePost" name="test_create_post_with_empty_body" time="0.774" /><testcase classname="tests.test_posts.TestCreatePost" name="test_create_post_with_missing_fields[payload0]" time="0.820" /><testcase classname="tests.test_posts.TestCreatePost" name="test_create_post_with_missing_fields[payload1]" time="1.286" /><testcase classname="tests.test_posts.TestCreatePost" name="test_create_post_with_missing_fields[payload2]" time="0.793" /><testcase classname="tests.test_posts.TestCreatePost" name="test_create_post_with_empty_title_returns_400" time="0.806" /><testcase classname="tests.test_posts.TestCreatePost" name="test_create_post_with_empty_body_returns_400" time="0.763" /><testcase classname="tests.test_posts.TestCreatePost" name="test_create_post_with_invalid_payloads_fixture" time="1.728" /><testcase classname="tests.test_posts.TestCreatePost" name="test_create_post_with_invalid_user_id_returns_400" time="0.841" /><testcase classname="tests.test_posts.TestUpdatePost" name="test_put_full_update_post_returns_200" time="1.367" /><testcase classname="tests.test_posts.TestUpdatePost" name="test_put_update_multiple_posts[1]" time="0.810" /><testcase classname="tests.test_posts.TestUpdatePost" name="test_put_update_multiple_posts[10]" time="0.959" /><testcase classname="tests.test_posts.TestUpdatePost" name="test_put_update_multiple_posts[50]" time="1.250" /><testcase classname="tests.test_posts.TestUpdatePost" name="test_patch_partial_update_post_returns_200" time="0.867" /><testcase classname="tests.test_posts.TestUpdatePost" name="test_patch_update_nonexistent_post" time="0.842" /><testcase classname="tests.test_posts.TestUpdatePost" name="test_put_update_with_invalid_id_returns_400_or_404" time="1.399" /><testcase classname="tests.test_posts.TestUpdatePost" name="test_put_update_with_empty_title_returns_400" time="0.884" /><testcase classname="tests.test_posts.TestUpdatePost" name="test_put_update_with_empty_body_returns_400" time="0.837" /><testcase classname="tests.test_posts.TestUpdatePost" name="test_put_update_with_invalid_payloads_returns_400[invalid_payload0]" time="0.889" /><testcase classname="tests.test_posts.TestUpdatePost" name="test_put_update_with_invalid_payloads_returns_400[invalid_payload1]" time="0.853" /><testcase classname="tests.test_posts.TestUpdatePost" name="test_put_update_with_invalid_payloads_returns_400[invalid_payload2]" time="0.828" /><testcase classname="tests.test_posts.TestDeletePost" name="test_delete_post_returns_200_or_204" time="0.797" /><testcase classname="tests.test_posts.TestDeletePost" name="test_delete_post_returns_204_status" time="0.791" /><testcase classname="tests.test_posts.TestDeletePost" name="test_delete_multiple_posts[1]" time="0.820" /><testcase classname="tests.test_posts.TestDeletePost" name="test_delete_multiple_posts[10]" time="0.797" /><testcase classname="tests.test_posts.TestDeletePost" name="test_delete_multiple_posts[50]" time="0.787" /><testcase classname="tests.test_posts.TestDeletePost" name="test_delete_nonexistent_post" time="0.857" /><testcase classname="tests.test_posts.TestChainedRequests" name="test_create_retrieve_delete_post_workflow" time="1.227" /><testcase classname="tests.test_posts.TestChainedRequests" name="test_create_update_retrieve_delete_workflow" time="1.949" /><testcase classname="tests.test_posts.TestPerformance" name="test_get_all_posts_performance" time="0.528" /><testcase classname="tests.test_posts.TestPerformance" name="test_get_post_by_id_performance" time="0.526" /><testcase classname="tests.test_posts.TestResponseHeaders" name="test_get_posts_has_content_type_header" time="0.535" /><testcase classname="tests.test_posts.TestResponseHeaders" name="test_get_post_by_id_has_content_type_header" time="0.581" /><testcase classname="tests.test_posts.TestResponseHeaders" name="test_post_create_has_content_type_header" time="0.822" /><testcase classname="tests.test_posts.TestResponseHeaders" name="test_put_update_has_content_type_header" time="0.797" /><testcase classname="tests.test_posts.TestResponseHeaders" name="test_patch_update_has_content_type_header" time="0.804" /><testcase classname="tests.test_posts.TestResponseHeaders" name="test_delete_post_response_headers" time="0.826" /><testcase classname="tests.test_security" name="test_sql_injection_payload_does_not_leak_server_errors" time="0.834" /><testcase classname="tests.test_security" name="test_xss_payload_does_not_leak_server_errors" time="0.814" /><testcase classname="tests.test_security" name="test_cors_header_present_on_get" time="0.526" /><testcase classname="tests.test_security" name="test_no_x_powered_by_header_exposed" time="0.510" /><testcase classname="tests.test_users.TestUserPosts" name="test_get_user_posts_returns_200" time="0.545" /><testcase classname="tests.test_users.TestUserPosts" name="test_get_user_posts_multiple_users[1]" time="0.519" /><testcase classname="tests.test_users.TestUserPosts" name="test_get_user_posts_multiple_users[2]" time="0.555" /><testcase classname="tests.test_users.TestUserPosts" name="test_get_user_posts_multiple_users[5]" time="0.523" /><testcase classname="tests.test_users.TestUserPosts" name="test_get_user_posts_multiple_users[10]" time="0.520" /><testcase classname="tests.test_users.TestUserPosts" name="test_get_user_posts_invalid_user" time="0.537" /><testcase classname="tests.test_users.TestUserPosts" name="test_get_user_posts_with_invalid_ids[0]" time="0.587" /><testcase classname="tests.test_users.TestUserPosts" name="test_get_user_posts_with_invalid_ids[-1]" time="0.623" /><testcase classname="tests.test_users.TestUserPosts" name="test_get_user_posts_with_invalid_ids[abc]" time="0.964" /><testcase classname="tests.test_users.TestUserPosts" name="test_user_posts_contain_required_fields" time="1.123" /><testcase classname="tests.test_users.TestUserPostsNegative" name="test_get_user_posts_with_special_characters" time="1.061" /><testcase classname="tests.test_users.TestUserPostsNegative" name="test_get_user_posts_with_float_id" time="0.861" /><testcase classname="tests.test_users.TestUserPostsNegative" name="test_get_user_posts_boundary_values" time="1.182" /><testcase classname="tests.test_users.TestGetUserById" name="test_get_user_by_id_returns_200" time="0.730" /><testcase classname="tests.test_users.TestGetUserById" name="test_get_user_by_id_validates_schema" time="0.756" /><testcase classname="tests.test_users.TestGetUserById" name="test_get_user_by_id_multiple_users[1]" time="0.717" /><testcase classname="tests.test_users.TestGetUserById" name="test_get_user_by_id_multiple_users[5]" time="0.724" /><testcase classname="tests.test_users.TestGetUserById" name="test_get_user_by_id_multiple_users[10]" time="0.792" /><testcase classname="tests.test_users.TestGetUserById" name="test_get_user_by_invalid_id_returns_404" time="0.743" /><testcase classname="tests.test_users.TestGetUserById" name="test_get_user_by_id_invalid_formats[0]" time="0.733" /><testcase classname="tests.test_users.TestGetUserById" name="test_get_user_by_id_invalid_formats[-1]" time="0.686" /><testcase classname="tests.test_users.TestGetUserById" name="test_get_user_by_id_invalid_formats[abc]" time="0.591" /><testcase classname="tests.test_users.TestGetUserById" name="test_get_user_by_id_contains_required_fields" time="0.626" /></testsuite></testsuites>